2016-11-17 17:15:03,032 [Worker-0] INFO  o.e.m.c.i.i.nexus.NexusIndexManager - Updating index for repository: central|http://repo.maven.apache.org/maven2
2016-11-17 17:15:03,041 [Worker-7] INFO  o.e.m.c.i.e.AbstractTransferListenerAdapter - Downloaded http://repo.maven.apache.org/maven2/org/icefaces/icefaces/1.8.0/icefaces-1.8.0.jar
2016-11-17 17:15:03,709 [Worker-7] INFO  o.e.m.c.i.e.AbstractTransferListenerAdapter - Downloading http://repo.maven.apache.org/maven2/org/apache/maven/plugins/maven-clean-plugin/2.5/maven-clean-plugin-2.5.pom
2016-11-17 17:15:04,308 [Worker-7] INFO  o.e.m.c.i.e.AbstractTransferListenerAdapter - Downloaded http://repo.maven.apache.org/maven2/org/apache/maven/plugins/maven-clean-plugin/2.5/maven-clean-plugin-2.5.pom
2016-11-17 17:15:04,853 [Worker-7] INFO  o.e.m.c.i.e.AbstractTransferListenerAdapter - Downloading http://repo.maven.apache.org/maven2/org/apache/maven/plugins/maven-plugins/22/maven-plugins-22.pom
2016-11-17 17:15:05,506 [Worker-7] INFO  o.e.m.c.i.e.AbstractTransferListenerAdapter - Downloaded http://repo.maven.apache.org/maven2/org/apache/maven/plugins/maven-plugins/22/maven-plugins-22.pom
2016-11-17 17:15:07,128 [Worker-7] INFO  o.e.m.c.i.e.AbstractTransferListenerAdapter - Downloading http://repo.maven.apache.org/maven2/org/apache/maven/maven-parent/21/maven-parent-21.pom
2016-11-17 17:15:08,565 [Worker-7] INFO  o.e.m.c.i.e.AbstractTransferListenerAdapter - Downloaded http://repo.maven.apache.org/maven2/org/apache/maven/maven-parent/21/maven-parent-21.pom
2016-11-17 17:15:08,937 [Worker-7] INFO  o.e.m.c.i.e.AbstractTransferListenerAdapter - Downloading http://repo.maven.apache.org/maven2/org/apache/apache/10/apache-10.pom
2016-11-17 17:15:10,120 [Worker-7] INFO  o.e.m.c.i.e.AbstractTransferListenerAdapter - Downloaded http://repo.maven.apache.org/maven2/org/apache/apache/10/apache-10.pom
2016-11-17 17:15:10,398 [Worker-7] INFO  o.e.m.c.i.e.AbstractTransferListenerAdapter - Downloading http://repo.maven.apache.org/maven2/org/apache/maven/plugins/maven-clean-plugin/2.5/maven-clean-plugin-2.5.jar
2016-11-17 17:15:11,594 [Worker-7] INFO  o.e.m.c.i.e.AbstractTransferListenerAdapter - Downloaded http://repo.maven.apache.org/maven2/org/apache/maven/plugins/maven-clean-plugin/2.5/maven-clean-plugin-2.5.jar
2016-11-17 17:15:11,928 [Worker-7] INFO  o.e.m.c.i.e.AbstractTransferListenerAdapter - Downloading http://repo.maven.apache.org/maven2/org/apache/maven/plugins/maven-install-plugin/2.4/maven-install-plugin-2.4.pom
2016-11-17 17:15:12,817 [Worker-7] INFO  o.e.m.c.i.e.AbstractTransferListenerAdapter - Downloaded http://repo.maven.apache.org/maven2/org/apache/maven/plugins/maven-install-plugin/2.4/maven-install-plugin-2.4.pom
2016-11-17 17:15:13,077 [Worker-7] INFO  o.e.m.c.i.e.AbstractTransferListenerAdapter - Downloading http://repo.maven.apache.org/maven2/org/apache/maven/plugins/maven-plugins/23/maven-plugins-23.pom
2016-11-17 17:15:15,070 [Worker-7] INFO  o.e.m.c.i.e.AbstractTransferListenerAdapter - Downloaded http://repo.maven.apache.org/maven2/org/apache/maven/plugins/maven-plugins/23/maven-plugins-23.pom
2016-11-17 17:15:15,335 [Worker-7] INFO  o.e.m.c.i.e.AbstractTransferListenerAdapter - Downloading http://repo.maven.apache.org/maven2/org/apache/maven/maven-parent/22/maven-parent-22.pom
2016-11-17 17:15:17,861 [Worker-7] INFO  o.e.m.c.i.e.AbstractTransferListenerAdapter - Downloaded http://repo.maven.apache.org/maven2/org/apache/maven/maven-parent/22/maven-parent-22.pom
2016-11-17 17:15:18,122 [Worker-7] INFO  o.e.m.c.i.e.AbstractTransferListenerAdapter - Downloading http://repo.maven.apache.org/maven2/org/apache/apache/11/apache-11.pom
2016-11-17 17:15:21,620 [Worker-7] INFO  o.e.m.c.i.e.AbstractTransferListenerAdapter - Downloaded http://repo.maven.apache.org/maven2/org/apache/apache/11/apache-11.pom
2016-11-17 17:15:22,453 [Worker-7] INFO  o.e.m.c.i.e.AbstractTransferListenerAdapter - Downloading http://repo.maven.apache.org/maven2/org/apache/maven/plugins/maven-install-plugin/2.4/maven-install-plugin-2.4.jar
2016-11-17 17:15:25,498 [Worker-7] INFO  o.e.m.c.i.e.AbstractTransferListenerAdapter - Downloaded http://repo.maven.apache.org/maven2/org/apache/maven/plugins/maven-install-plugin/2.4/maven-install-plugin-2.4.jar
2016-11-17 17:15:25,527 [Worker-7] INFO  o.e.m.c.i.embedder.EclipseLogger - 
2016-11-17 17:15:25,527 [Worker-7] INFO  o.e.m.c.i.embedder.EclipseLogger - Using the builder org.apache.maven.lifecycle.internal.builder.singlethreaded.SingleThreadedBuilder with a thread count of 1
2016-11-17 17:15:27,667 [Worker-7] INFO  o.e.m.c.i.e.AbstractTransferListenerAdapter - Downloading http://repo.maven.apache.org/maven2/org/apache/maven/maven-plugin-api/2.0.6/maven-plugin-api-2.0.6.pom
2016-11-17 17:15:28,374 [Worker-7] INFO  o.e.m.c.i.e.AbstractTransferListenerAdapter - Downloaded http://repo.maven.apache.org/maven2/org/apache/maven/maven-plugin-api/2.0.6/maven-plugin-api-2.0.6.pom
2016-11-17 17:15:28,640 [Worker-7] INFO  o.e.m.c.i.e.AbstractTransferListenerAdapter - Downloading http://repo.maven.apache.org/maven2/org/apache/maven/maven/2.0.6/maven-2.0.6.pom
2016-11-17 17:15:29,867 [Worker-7] INFO  o.e.m.c.i.e.AbstractTransferListenerAdapter - Downloaded http://repo.maven.apache.org/maven2/org/apache/maven/maven/2.0.6/maven-2.0.6.pom
2016-11-17 17:15:30,207 [Worker-7] INFO  o.e.m.c.i.e.AbstractTransferListenerAdapter - Downloading http://repo.maven.apache.org/maven2/org/apache/maven/maven-parent/5/maven-parent-5.pom
2016-11-17 17:15:31,246 [Worker-7] INFO  o.e.m.c.i.e.AbstractTransferListenerAdapter - Downloaded http://repo.maven.apache.org/maven2/org/apache/maven/maven-parent/5/maven-parent-5.pom
2016-11-17 17:15:31,509 [Worker-7] INFO  o.e.m.c.i.e.AbstractTransferListenerAdapter - Downloading http://repo.maven.apache.org/maven2/org/apache/apache/3/apache-3.pom
2016-11-17 17:15:32,042 [Worker-7] INFO  o.e.m.c.i.e.AbstractTransferListenerAdapter - Downloaded http://repo.maven.apache.org/maven2/org/apache/apache/3/apache-3.pom
2016-11-17 17:15:32,309 [Worker-7] INFO  o.e.m.c.i.e.AbstractTransferListenerAdapter - Downloading http://repo.maven.apache.org/maven2/org/apache/maven/maven-project/2.0.6/maven-project-2.0.6.pom
2016-11-17 17:15:32,844 [Worker-7] INFO  o.e.m.c.i.e.AbstractTransferListenerAdapter - Downloaded http://repo.maven.apache.org/maven2/org/apache/maven/maven-project/2.0.6/maven-project-2.0.6.pom
2016-11-17 17:15:33,116 [Worker-7] INFO  o.e.m.c.i.e.AbstractTransferListenerAdapter - Downloading http://repo.maven.apache.org/maven2/org/apache/maven/maven-settings/2.0.6/maven-settings-2.0.6.pom
2016-11-17 17:15:33,659 [Worker-7] INFO  o.e.m.c.i.e.AbstractTransferListenerAdapter - Downloaded http://repo.maven.apache.org/maven2/org/apache/maven/maven-settings/2.0.6/maven-settings-2.0.6.pom
2016-11-17 17:15:34,412 [Worker-7] INFO  o.e.m.c.i.e.AbstractTransferListenerAdapter - Downloading http://repo.maven.apache.org/maven2/org/apache/maven/maven-model/2.0.6/maven-model-2.0.6.pom
2016-11-17 17:15:34,936 [Worker-7] INFO  o.e.m.c.i.e.AbstractTransferListenerAdapter - Downloaded http://repo.maven.apache.org/maven2/org/apache/maven/maven-model/2.0.6/maven-model-2.0.6.pom
2016-11-17 17:15:35,211 [Worker-7] INFO  o.e.m.c.i.e.AbstractTransferListenerAdapter - Downloading http://repo.maven.apache.org/maven2/org/codehaus/plexus/plexus-utils/1.4.1/plexus-utils-1.4.1.pom
2016-11-17 17:15:35,738 [Worker-7] INFO  o.e.m.c.i.e.AbstractTransferListenerAdapter - Downloaded http://repo.maven.apache.org/maven2/org/codehaus/plexus/plexus-utils/1.4.1/plexus-utils-1.4.1.pom
2016-11-17 17:15:36,006 [Worker-7] INFO  o.e.m.c.i.e.AbstractTransferListenerAdapter - Downloading http://repo.maven.apache.org/maven2/org/codehaus/plexus/plexus/1.0.11/plexus-1.0.11.pom
2016-11-17 17:15:36,789 [Worker-7] INFO  o.e.m.c.i.e.AbstractTransferListenerAdapter - Downloaded http://repo.maven.apache.org/maven2/org/codehaus/plexus/plexus/1.0.11/plexus-1.0.11.pom
2016-11-17 17:15:37,058 [Worker-7] INFO  o.e.m.c.i.e.AbstractTransferListenerAdapter - Downloading http://repo.maven.apache.org/maven2/org/codehaus/plexus/plexus-container-default/1.0-alpha-9-stable-1/plexus-container-default-1.0-alpha-9-stable-1.pom
2016-11-17 17:15:38,035 [Worker-7] INFO  o.e.m.c.i.e.AbstractTransferListenerAdapter - Downloaded http://repo.maven.apache.org/maven2/org/codehaus/plexus/plexus-container-default/1.0-alpha-9-stable-1/plexus-container-default-1.0-alpha-9-stable-1.pom
2016-11-17 17:15:38,293 [Worker-7] INFO  o.e.m.c.i.e.AbstractTransferListenerAdapter - Downloading http://repo.maven.apache.org/maven2/org/codehaus/plexus/plexus-containers/1.0.3/plexus-containers-1.0.3.pom
2016-11-17 17:15:38,861 [Worker-7] INFO  o.e.m.c.i.e.AbstractTransferListenerAdapter - Downloaded http://repo.maven.apache.org/maven2/org/codehaus/plexus/plexus-containers/1.0.3/plexus-containers-1.0.3.pom
2016-11-17 17:15:39,121 [Worker-7] INFO  o.e.m.c.i.e.AbstractTransferListenerAdapter - Downloading http://repo.maven.apache.org/maven2/org/codehaus/plexus/plexus/1.0.4/plexus-1.0.4.pom
2016-11-17 17:15:39,900 [Worker-7] INFO  o.e.m.c.i.e.AbstractTransferListenerAdapter - Downloaded http://repo.maven.apache.org/maven2/org/codehaus/plexus/plexus/1.0.4/plexus-1.0.4.pom
2016-11-17 17:15:40,160 [Worker-7] INFO  o.e.m.c.i.e.AbstractTransferListenerAdapter - Downloading http://repo.maven.apache.org/maven2/junit/junit/3.8.1/junit-3.8.1.pom
2016-11-17 17:15:42,069 [Worker-7] INFO  o.e.m.c.i.e.AbstractTransferListenerAdapter - Downloaded http://repo.maven.apache.org/maven2/junit/junit/3.8.1/junit-3.8.1.pom
2016-11-17 17:15:42,332 [Worker-7] INFO  o.e.m.c.i.e.AbstractTransferListenerAdapter - Downloading http://repo.maven.apache.org/maven2/org/codehaus/plexus/plexus-utils/1.0.4/plexus-utils-1.0.4.pom
2016-11-17 17:15:43,362 [Worker-7] INFO  o.e.m.c.i.e.AbstractTransferListenerAdapter - Downloaded http://repo.maven.apache.org/maven2/org/codehaus/plexus/plexus-utils/1.0.4/plexus-utils-1.0.4.pom
2016-11-17 17:15:43,624 [Worker-7] INFO  o.e.m.c.i.e.AbstractTransferListenerAdapter - Downloading http://repo.maven.apache.org/maven2/classworlds/classworlds/1.1-alpha-2/classworlds-1.1-alpha-2.pom
2016-11-17 17:15:44,153 [Worker-7] INFO  o.e.m.c.i.e.AbstractTransferListenerAdapter - Downloaded http://repo.maven.apache.org/maven2/classworlds/classworlds/1.1-alpha-2/classworlds-1.1-alpha-2.pom
2016-11-17 17:15:44,420 [Worker-7] INFO  o.e.m.c.i.e.AbstractTransferListenerAdapter - Downloading http://repo.maven.apache.org/maven2/org/apache/maven/maven-profile/2.0.6/maven-profile-2.0.6.pom
2016-11-17 17:15:45,404 [Worker-7] INFO  o.e.m.c.i.e.AbstractTransferListenerAdapter - Downloaded http://repo.maven.apache.org/maven2/org/apache/maven/maven-profile/2.0.6/maven-profile-2.0.6.pom
2016-11-17 17:15:45,672 [Worker-7] INFO  o.e.m.c.i.e.AbstractTransferListenerAdapter - Downloading http://repo.maven.apache.org/maven2/org/apache/maven/maven-artifact-manager/2.0.6/maven-artifact-manager-2.0.6.pom
2016-11-17 17:15:46,981 [Worker-7] INFO  o.e.m.c.i.e.AbstractTransferListenerAdapter - Downloaded http://repo.maven.apache.org/maven2/org/apache/maven/maven-artifact-manager/2.0.6/maven-artifact-manager-2.0.6.pom
2016-11-17 17:15:47,713 [Worker-7] INFO  o.e.m.c.i.e.AbstractTransferListenerAdapter - Downloading http://repo.maven.apache.org/maven2/org/apache/maven/maven-repository-metadata/2.0.6/maven-repository-metadata-2.0.6.pom
2016-11-17 17:15:48,245 [Worker-7] INFO  o.e.m.c.i.e.AbstractTransferListenerAdapter - Downloaded http://repo.maven.apache.org/maven2/org/apache/maven/maven-repository-metadata/2.0.6/maven-repository-metadata-2.0.6.pom
2016-11-17 17:15:48,512 [Worker-7] INFO  o.e.m.c.i.e.AbstractTransferListenerAdapter - Downloading http://repo.maven.apache.org/maven2/org/apache/maven/maven-artifact/2.0.6/maven-artifact-2.0.6.pom
2016-11-17 17:15:49,041 [Worker-7] INFO  o.e.m.c.i.e.AbstractTransferListenerAdapter - Downloaded http://repo.maven.apache.org/maven2/org/apache/maven/maven-artifact/2.0.6/maven-artifact-2.0.6.pom
2016-11-17 17:15:49,305 [Worker-7] INFO  o.e.m.c.i.e.AbstractTransferListenerAdapter - Downloading http://repo.maven.apache.org/maven2/org/apache/maven/maven-plugin-registry/2.0.6/maven-plugin-registry-2.0.6.pom
2016-11-17 17:15:49,929 [Worker-7] INFO  o.e.m.c.i.e.AbstractTransferListenerAdapter - Downloaded http://repo.maven.apache.org/maven2/org/apache/maven/maven-plugin-registry/2.0.6/maven-plugin-registry-2.0.6.pom
2016-11-17 17:15:50,197 [Worker-7] INFO  o.e.m.c.i.e.AbstractTransferListenerAdapter - Downloading http://repo.maven.apache.org/maven2/org/codehaus/plexus/plexus-utils/3.0.5/plexus-utils-3.0.5.pom
2016-11-17 17:15:50,760 [Worker-7] INFO  o.e.m.c.i.e.AbstractTransferListenerAdapter - Downloaded http://repo.maven.apache.org/maven2/org/codehaus/plexus/plexus-utils/3.0.5/plexus-utils-3.0.5.pom
2016-11-17 17:15:51,028 [Worker-7] INFO  o.e.m.c.i.e.AbstractTransferListenerAdapter - Downloading http://repo.maven.apache.org/maven2/org/codehaus/plexus/plexus/3.1/plexus-3.1.pom
2016-11-17 17:15:52,355 [Worker-7] INFO  o.e.m.c.i.e.AbstractTransferListenerAdapter - Downloaded http://repo.maven.apache.org/maven2/org/codehaus/plexus/plexus/3.1/plexus-3.1.pom
2016-11-17 17:15:52,619 [Worker-7] INFO  o.e.m.c.i.e.AbstractTransferListenerAdapter - Downloading http://repo.maven.apache.org/maven2/org/sonatype/spice/spice-parent/17/spice-parent-17.pom
2016-11-17 17:15:53,425 [Worker-7] INFO  o.e.m.c.i.e.AbstractTransferListenerAdapter - Downloaded http://repo.maven.apache.org/maven2/org/sonatype/spice/spice-parent/17/spice-parent-17.pom
2016-11-17 17:15:53,685 [Worker-7] INFO  o.e.m.c.i.e.AbstractTransferListenerAdapter - Downloading http://repo.maven.apache.org/maven2/org/sonatype/forge/forge-parent/10/forge-parent-10.pom
2016-11-17 17:15:54,658 [Worker-7] INFO  o.e.m.c.i.e.AbstractTransferListenerAdapter - Downloaded http://repo.maven.apache.org/maven2/org/sonatype/forge/forge-parent/10/forge-parent-10.pom
2016-11-17 17:15:54,924 [Worker-7] INFO  o.e.m.c.i.e.AbstractTransferListenerAdapter - Downloading http://repo.maven.apache.org/maven2/org/codehaus/plexus/plexus-digest/1.0/plexus-digest-1.0.pom
2016-11-17 17:15:55,452 [Worker-7] INFO  o.e.m.c.i.e.AbstractTransferListenerAdapter - Downloaded http://repo.maven.apache.org/maven2/org/codehaus/plexus/plexus-digest/1.0/plexus-digest-1.0.pom
2016-11-17 17:15:55,711 [Worker-7] INFO  o.e.m.c.i.e.AbstractTransferListenerAdapter - Downloading http://repo.maven.apache.org/maven2/org/codehaus/plexus/plexus-components/1.1.7/plexus-components-1.1.7.pom
2016-11-17 17:15:56,321 [Worker-7] INFO  o.e.m.c.i.e.AbstractTransferListenerAdapter - Downloaded http://repo.maven.apache.org/maven2/org/codehaus/plexus/plexus-components/1.1.7/plexus-components-1.1.7.pom
2016-11-17 17:15:56,581 [Worker-7] INFO  o.e.m.c.i.e.AbstractTransferListenerAdapter - Downloading http://repo.maven.apache.org/maven2/org/codehaus/plexus/plexus/1.0.8/plexus-1.0.8.pom
2016-11-17 17:15:58,236 [Worker-7] INFO  o.e.m.c.i.e.AbstractTransferListenerAdapter - Downloaded http://repo.maven.apache.org/maven2/org/codehaus/plexus/plexus/1.0.8/plexus-1.0.8.pom
2016-11-17 17:15:58,496 [Worker-7] INFO  o.e.m.c.i.e.AbstractTransferListenerAdapter - Downloading http://repo.maven.apache.org/maven2/org/codehaus/plexus/plexus-container-default/1.0-alpha-8/plexus-container-default-1.0-alpha-8.pom
2016-11-17 17:15:59,334 [Worker-7] INFO  o.e.m.c.i.e.AbstractTransferListenerAdapter - Downloaded http://repo.maven.apache.org/maven2/org/codehaus/plexus/plexus-container-default/1.0-alpha-8/plexus-container-default-1.0-alpha-8.pom
2016-11-17 17:15:59,623 [Worker-7] INFO  o.e.m.c.i.e.AbstractTransferListenerAdapter - Downloading http://repo.maven.apache.org/maven2/junit/junit/3.8.1/junit-3.8.1.jar
2016-11-17 17:16:04,996 [Worker-7] INFO  o.e.m.c.i.e.AbstractTransferListenerAdapter - Downloaded http://repo.maven.apache.org/maven2/junit/junit/3.8.1/junit-3.8.1.jar
2016-11-17 17:16:05,252 [Worker-7] INFO  o.e.m.c.i.e.AbstractTransferListenerAdapter - Downloading http://repo.maven.apache.org/maven2/org/codehaus/plexus/plexus-utils/3.0.5/plexus-utils-3.0.5.jar
2016-11-17 17:16:13,788 [Worker-7] INFO  o.e.m.c.i.e.AbstractTransferListenerAdapter - Downloaded http://repo.maven.apache.org/maven2/org/codehaus/plexus/plexus-utils/3.0.5/plexus-utils-3.0.5.jar
2016-11-17 17:16:14,141 [Worker-7] INFO  o.e.m.c.i.e.AbstractTransferListenerAdapter - Downloading http://repo.maven.apache.org/maven2/org/codehaus/plexus/plexus-digest/1.0/plexus-digest-1.0.jar
2016-11-17 17:16:15,268 [Worker-7] INFO  o.e.m.c.i.e.AbstractTransferListenerAdapter - Downloaded http://repo.maven.apache.org/maven2/org/codehaus/plexus/plexus-digest/1.0/plexus-digest-1.0.jar
2016-11-17 17:16:15,410 [Worker-7] INFO  o.e.m.c.i.embedder.EclipseLogger - Installing /Applications/MyEclipse2015/MyEclipse 2015 CI.app/Contents/Profile/plugins/com.genuitec.eclipse.icefaces_13.0.0.me201405280815/data/1.8.0/ICEfaces/icefaces.jar to /Users/yp-tc-2646/.m2/repository/org/icefaces/icefaces/1.8.0/icefaces-1.8.0.jar
2016-11-17 17:16:15,437 [Worker-7] INFO  o.e.m.c.i.embedder.EclipseLogger - Installing /var/folders/kh/ncj434ls305d622j0mw24mb80000gn/T/mvninstall2510562827377371375.pom to /Users/yp-tc-2646/.m2/repository/org/icefaces/icefaces/1.8.0/icefaces-1.8.0.pom
2016-11-17 17:16:15,704 [Worker-7] INFO  o.e.m.c.i.e.AbstractTransferListenerAdapter - Downloaded http://repo.maven.apache.org/maven2/org/icefaces/icefaces/1.7.2/icefaces-1.7.2.jar
2016-11-17 17:16:15,722 [Worker-7] INFO  o.e.m.c.i.embedder.EclipseLogger - 
2016-11-17 17:16:15,723 [Worker-7] INFO  o.e.m.c.i.embedder.EclipseLogger - Using the builder org.apache.maven.lifecycle.internal.builder.singlethreaded.SingleThreadedBuilder with a thread count of 1
2016-11-17 17:16:15,728 [Worker-7] INFO  o.e.m.c.i.embedder.EclipseLogger - Installing /Applications/MyEclipse2015/MyEclipse 2015 CI.app/Contents/Profile/plugins/com.genuitec.eclipse.icefaces_13.0.0.me201405280815/data/1.7.2/ICEfaces/icefaces.jar to /Users/yp-tc-2646/.m2/repository/org/icefaces/icefaces/1.7.2/icefaces-1.7.2.jar
2016-11-17 17:16:15,769 [Worker-7] INFO  o.e.m.c.i.embedder.EclipseLogger - Installing /var/folders/kh/ncj434ls305d622j0mw24mb80000gn/T/mvninstall370613269695690014.pom to /Users/yp-tc-2646/.m2/repository/org/icefaces/icefaces/1.7.2/icefaces-1.7.2.pom
2016-11-17 17:16:16,939 [Worker-7] INFO  o.e.m.c.i.e.AbstractTransferListenerAdapter - Downloaded http://repo.maven.apache.org/maven2/org/icefaces/icefaces/1.7.1/icefaces-1.7.1.jar
2016-11-17 17:16:16,957 [Worker-7] INFO  o.e.m.c.i.embedder.EclipseLogger - 
2016-11-17 17:16:16,957 [Worker-7] INFO  o.e.m.c.i.embedder.EclipseLogger - Using the builder org.apache.maven.lifecycle.internal.builder.singlethreaded.SingleThreadedBuilder with a thread count of 1
2016-11-17 17:16:16,962 [Worker-7] INFO  o.e.m.c.i.embedder.EclipseLogger - Installing /Applications/MyEclipse2015/MyEclipse 2015 CI.app/Contents/Profile/plugins/com.genuitec.eclipse.icefaces_13.0.0.me201405280815/data/1.7.1/ICEfaces/icefaces.jar to /Users/yp-tc-2646/.m2/repository/org/icefaces/icefaces/1.7.1/icefaces-1.7.1.jar
2016-11-17 17:16:16,982 [Worker-7] INFO  o.e.m.c.i.embedder.EclipseLogger - Installing /var/folders/kh/ncj434ls305d622j0mw24mb80000gn/T/mvninstall4326044554891526981.pom to /Users/yp-tc-2646/.m2/repository/org/icefaces/icefaces/1.7.1/icefaces-1.7.1.pom
2016-11-17 17:16:17,571 [Worker-7] INFO  o.e.m.c.i.e.AbstractTransferListenerAdapter - Downloaded http://repo.maven.apache.org/maven2/org/icefaces/icefaces/1.7.0/icefaces-1.7.0.jar
2016-11-17 17:16:17,579 [Worker-7] INFO  o.e.m.c.i.embedder.EclipseLogger - 
2016-11-17 17:16:17,579 [Worker-7] INFO  o.e.m.c.i.embedder.EclipseLogger - Using the builder org.apache.maven.lifecycle.internal.builder.singlethreaded.SingleThreadedBuilder with a thread count of 1
2016-11-17 17:16:17,584 [Worker-7] INFO  o.e.m.c.i.embedder.EclipseLogger - Installing /Applications/MyEclipse2015/MyEclipse 2015 CI.app/Contents/Profile/plugins/com.genuitec.eclipse.icefaces_13.0.0.me201405280815/data/1.7.0/ICEfaces/icefaces.jar to /Users/yp-tc-2646/.m2/repository/org/icefaces/icefaces/1.7.0/icefaces-1.7.0.jar
2016-11-17 17:16:17,606 [Worker-7] INFO  o.e.m.c.i.embedder.EclipseLogger - Installing /var/folders/kh/ncj434ls305d622j0mw24mb80000gn/T/mvninstall9081084177007284593.pom to /Users/yp-tc-2646/.m2/repository/org/icefaces/icefaces/1.7.0/icefaces-1.7.0.pom
2016-11-17 17:16:18,130 [Worker-7] INFO  o.e.m.c.i.e.AbstractTransferListenerAdapter - Downloaded http://repo.maven.apache.org/maven2/org/icefaces/icefaces/1.6.2/icefaces-1.6.2.jar
2016-11-17 17:16:18,147 [Worker-7] INFO  o.e.m.c.i.embedder.EclipseLogger - 
2016-11-17 17:16:18,147 [Worker-7] INFO  o.e.m.c.i.embedder.EclipseLogger - Using the builder org.apache.maven.lifecycle.internal.builder.singlethreaded.SingleThreadedBuilder with a thread count of 1
2016-11-17 17:16:18,151 [Worker-7] INFO  o.e.m.c.i.embedder.EclipseLogger - Installing /Applications/MyEclipse2015/MyEclipse 2015 CI.app/Contents/Profile/plugins/com.genuitec.eclipse.icefaces_13.0.0.me201405280815/data/1.6.2/ICEfaces/icefaces.jar to /Users/yp-tc-2646/.m2/repository/org/icefaces/icefaces/1.6.2/icefaces-1.6.2.jar
2016-11-17 17:16:18,170 [Worker-7] INFO  o.e.m.c.i.embedder.EclipseLogger - Installing /var/folders/kh/ncj434ls305d622j0mw24mb80000gn/T/mvninstall2358127350574992613.pom to /Users/yp-tc-2646/.m2/repository/org/icefaces/icefaces/1.6.2/icefaces-1.6.2.pom
2016-11-17 17:16:20,712 [Worker-7] INFO  o.e.m.c.i.e.AbstractTransferListenerAdapter - Downloaded http://repo.maven.apache.org/maven2/org/icefaces/icefaces/1.6.1/icefaces-1.6.1.jar
2016-11-17 17:16:20,728 [Worker-7] INFO  o.e.m.c.i.embedder.EclipseLogger - 
2016-11-17 17:16:20,728 [Worker-7] INFO  o.e.m.c.i.embedder.EclipseLogger - Using the builder org.apache.maven.lifecycle.internal.builder.singlethreaded.SingleThreadedBuilder with a thread count of 1
2016-11-17 17:16:20,733 [Worker-7] INFO  o.e.m.c.i.embedder.EclipseLogger - Installing /Applications/MyEclipse2015/MyEclipse 2015 CI.app/Contents/Profile/plugins/com.genuitec.eclipse.icefaces_13.0.0.me201405280815/data/1.6.1/ICEfaces/icefaces.jar to /Users/yp-tc-2646/.m2/repository/org/icefaces/icefaces/1.6.1/icefaces-1.6.1.jar
2016-11-17 17:16:20,755 [Worker-7] INFO  o.e.m.c.i.embedder.EclipseLogger - Installing /var/folders/kh/ncj434ls305d622j0mw24mb80000gn/T/mvninstall2429079711968870307.pom to /Users/yp-tc-2646/.m2/repository/org/icefaces/icefaces/1.6.1/icefaces-1.6.1.pom
2016-11-17 17:16:21,297 [Worker-7] INFO  o.e.m.c.i.e.AbstractTransferListenerAdapter - Downloaded http://repo.maven.apache.org/maven2/org/icepush/icepush/2.0.2/icepush-2.0.2.jar
2016-11-17 17:16:21,313 [Worker-7] INFO  o.e.m.c.i.embedder.EclipseLogger - 
2016-11-17 17:16:21,313 [Worker-7] INFO  o.e.m.c.i.embedder.EclipseLogger - Using the builder org.apache.maven.lifecycle.internal.builder.singlethreaded.SingleThreadedBuilder with a thread count of 1
2016-11-17 17:16:21,317 [Worker-7] INFO  o.e.m.c.i.embedder.EclipseLogger - Installing /Applications/MyEclipse2015/MyEclipse 2015 CI.app/Contents/Profile/plugins/com.genuitec.eclipse.icefaces_13.0.0.me201405280815/data/org.icepush/icepush/2.0/icepush.jar to /Users/yp-tc-2646/.m2/repository/org/icepush/icepush/2.0.2/icepush-2.0.2.jar
2016-11-17 17:16:21,335 [Worker-7] INFO  o.e.m.c.i.embedder.EclipseLogger - Installing /var/folders/kh/ncj434ls305d622j0mw24mb80000gn/T/mvninstall3839858860662833427.pom to /Users/yp-tc-2646/.m2/repository/org/icepush/icepush/2.0.2/icepush-2.0.2.pom
2016-11-17 17:16:21,855 [Worker-7] INFO  o.e.m.c.i.e.AbstractTransferListenerAdapter - Downloaded http://repo.maven.apache.org/maven2/org/icefaces/icefaces-comps/1.8.0/icefaces-comps-1.8.0.jar
2016-11-17 17:16:21,872 [Worker-7] INFO  o.e.m.c.i.embedder.EclipseLogger - 
2016-11-17 17:16:21,873 [Worker-7] INFO  o.e.m.c.i.embedder.EclipseLogger - Using the builder org.apache.maven.lifecycle.internal.builder.singlethreaded.SingleThreadedBuilder with a thread count of 1
2016-11-17 17:16:21,878 [Worker-7] INFO  o.e.m.c.i.embedder.EclipseLogger - Installing /Applications/MyEclipse2015/MyEclipse 2015 CI.app/Contents/Profile/plugins/com.genuitec.eclipse.icefaces_13.0.0.me201405280815/data/1.8.0/ICEfaces/icefaces-comps.jar to /Users/yp-tc-2646/.m2/repository/org/icefaces/icefaces-comps/1.8.0/icefaces-comps-1.8.0.jar
2016-11-17 17:16:21,904 [Worker-7] INFO  o.e.m.c.i.embedder.EclipseLogger - Installing /var/folders/kh/ncj434ls305d622j0mw24mb80000gn/T/mvninstall5319981164772460821.pom to /Users/yp-tc-2646/.m2/repository/org/icefaces/icefaces-comps/1.8.0/icefaces-comps-1.8.0.pom
2016-11-17 17:16:26,444 [Worker-7] INFO  o.e.m.c.i.e.AbstractTransferListenerAdapter - Downloaded http://repo.maven.apache.org/maven2/org/icefaces/icefaces-comps/1.7.2/icefaces-comps-1.7.2.jar
2016-11-17 17:16:26,461 [Worker-7] INFO  o.e.m.c.i.embedder.EclipseLogger - 
2016-11-17 17:16:26,461 [Worker-7] INFO  o.e.m.c.i.embedder.EclipseLogger - Using the builder org.apache.maven.lifecycle.internal.builder.singlethreaded.SingleThreadedBuilder with a thread count of 1
2016-11-17 17:16:26,465 [Worker-7] INFO  o.e.m.c.i.embedder.EclipseLogger - Installing /Applications/MyEclipse2015/MyEclipse 2015 CI.app/Contents/Profile/plugins/com.genuitec.eclipse.icefaces_13.0.0.me201405280815/data/1.7.2/ICEfaces/icefaces-comps.jar to /Users/yp-tc-2646/.m2/repository/org/icefaces/icefaces-comps/1.7.2/icefaces-comps-1.7.2.jar
2016-11-17 17:16:26,493 [Worker-7] INFO  o.e.m.c.i.embedder.EclipseLogger - Installing /var/folders/kh/ncj434ls305d622j0mw24mb80000gn/T/mvninstall7077499167719623509.pom to /Users/yp-tc-2646/.m2/repository/org/icefaces/icefaces-comps/1.7.2/icefaces-comps-1.7.2.pom
2016-11-17 17:16:27,087 [Worker-7] INFO  o.e.m.c.i.e.AbstractTransferListenerAdapter - Downloaded http://repo.maven.apache.org/maven2/org/icefaces/icefaces-comps/1.7.1/icefaces-comps-1.7.1.jar
2016-11-17 17:16:27,103 [Worker-7] INFO  o.e.m.c.i.embedder.EclipseLogger - 
2016-11-17 17:16:27,103 [Worker-7] INFO  o.e.m.c.i.embedder.EclipseLogger - Using the builder org.apache.maven.lifecycle.internal.builder.singlethreaded.SingleThreadedBuilder with a thread count of 1
2016-11-17 17:16:27,107 [Worker-7] INFO  o.e.m.c.i.embedder.EclipseLogger - Installing /Applications/MyEclipse2015/MyEclipse 2015 CI.app/Contents/Profile/plugins/com.genuitec.eclipse.icefaces_13.0.0.me201405280815/data/1.7.1/ICEfaces/icefaces-comps.jar to /Users/yp-tc-2646/.m2/repository/org/icefaces/icefaces-comps/1.7.1/icefaces-comps-1.7.1.jar
2016-11-17 17:16:27,138 [Worker-7] INFO  o.e.m.c.i.embedder.EclipseLogger - Installing /var/folders/kh/ncj434ls305d622j0mw24mb80000gn/T/mvninstall3606649745824395596.pom to /Users/yp-tc-2646/.m2/repository/org/icefaces/icefaces-comps/1.7.1/icefaces-comps-1.7.1.pom
2016-11-17 17:16:27,660 [Worker-7] INFO  o.e.m.c.i.e.AbstractTransferListenerAdapter - Downloaded http://repo.maven.apache.org/maven2/org/icefaces/icefaces-comps/1.7.0/icefaces-comps-1.7.0.jar
2016-11-17 17:16:27,675 [Worker-7] INFO  o.e.m.c.i.embedder.EclipseLogger - 
2016-11-17 17:16:27,675 [Worker-7] INFO  o.e.m.c.i.embedder.EclipseLogger - Using the builder org.apache.maven.lifecycle.internal.builder.singlethreaded.SingleThreadedBuilder with a thread count of 1
2016-11-17 17:16:27,679 [Worker-7] INFO  o.e.m.c.i.embedder.EclipseLogger - Installing /Applications/MyEclipse2015/MyEclipse 2015 CI.app/Contents/Profile/plugins/com.genuitec.eclipse.icefaces_13.0.0.me201405280815/data/1.7.0/ICEfaces/icefaces-comps.jar to /Users/yp-tc-2646/.m2/repository/org/icefaces/icefaces-comps/1.7.0/icefaces-comps-1.7.0.jar
2016-11-17 17:16:27,722 [Worker-7] INFO  o.e.m.c.i.embedder.EclipseLogger - Installing /var/folders/kh/ncj434ls305d622j0mw24mb80000gn/T/mvninstall3125864063464948568.pom to /Users/yp-tc-2646/.m2/repository/org/icefaces/icefaces-comps/1.7.0/icefaces-comps-1.7.0.pom
2016-11-17 17:16:28,206 [Worker-7] INFO  o.e.m.c.i.e.AbstractTransferListenerAdapter - Downloaded http://repo.maven.apache.org/maven2/org/icefaces/icefaces-comps/1.6.2/icefaces-comps-1.6.2.jar
2016-11-17 17:16:28,229 [Worker-7] INFO  o.e.m.c.i.embedder.EclipseLogger - 
2016-11-17 17:16:28,229 [Worker-7] INFO  o.e.m.c.i.embedder.EclipseLogger - Using the builder org.apache.maven.lifecycle.internal.builder.singlethreaded.SingleThreadedBuilder with a thread count of 1
2016-11-17 17:16:28,232 [Worker-7] INFO  o.e.m.c.i.embedder.EclipseLogger - Installing /Applications/MyEclipse2015/MyEclipse 2015 CI.app/Contents/Profile/plugins/com.genuitec.eclipse.icefaces_13.0.0.me201405280815/data/1.6.2/ICEfaces/icefaces-comps.jar to /Users/yp-tc-2646/.m2/repository/org/icefaces/icefaces-comps/1.6.2/icefaces-comps-1.6.2.jar
2016-11-17 17:16:28,247 [Worker-7] INFO  o.e.m.c.i.embedder.EclipseLogger - Installing /var/folders/kh/ncj434ls305d622j0mw24mb80000gn/T/mvninstall8066851634177690646.pom to /Users/yp-tc-2646/.m2/repository/org/icefaces/icefaces-comps/1.6.2/icefaces-comps-1.6.2.pom
2016-11-17 17:16:28,752 [Worker-7] INFO  o.e.m.c.i.e.AbstractTransferListenerAdapter - Downloaded http://repo.maven.apache.org/maven2/org/icefaces/icefaces-comps/1.6.1/icefaces-comps-1.6.1.jar
2016-11-17 17:16:28,767 [Worker-7] INFO  o.e.m.c.i.embedder.EclipseLogger - 
2016-11-17 17:16:28,768 [Worker-7] INFO  o.e.m.c.i.embedder.EclipseLogger - Using the builder org.apache.maven.lifecycle.internal.builder.singlethreaded.SingleThreadedBuilder with a thread count of 1
2016-11-17 17:16:28,772 [Worker-7] INFO  o.e.m.c.i.embedder.EclipseLogger - Installing /Applications/MyEclipse2015/MyEclipse 2015 CI.app/Contents/Profile/plugins/com.genuitec.eclipse.icefaces_13.0.0.me201405280815/data/1.6.1/ICEfaces/icefaces-comps.jar to /Users/yp-tc-2646/.m2/repository/org/icefaces/icefaces-comps/1.6.1/icefaces-comps-1.6.1.jar
2016-11-17 17:16:28,792 [Worker-7] INFO  o.e.m.c.i.embedder.EclipseLogger - Installing /var/folders/kh/ncj434ls305d622j0mw24mb80000gn/T/mvninstall4669591862363181906.pom to /Users/yp-tc-2646/.m2/repository/org/icefaces/icefaces-comps/1.6.1/icefaces-comps-1.6.1.pom
2016-11-17 17:16:29,327 [Worker-7] INFO  o.e.m.c.i.e.AbstractTransferListenerAdapter - Downloaded http://repo.maven.apache.org/maven2/org/icefaces/icefaces-facelets/1.8.0/icefaces-facelets-1.8.0.jar
2016-11-17 17:16:29,341 [Worker-7] INFO  o.e.m.c.i.embedder.EclipseLogger - 
2016-11-17 17:16:29,341 [Worker-7] INFO  o.e.m.c.i.embedder.EclipseLogger - Using the builder org.apache.maven.lifecycle.internal.builder.singlethreaded.SingleThreadedBuilder with a thread count of 1
2016-11-17 17:16:29,344 [Worker-7] INFO  o.e.m.c.i.embedder.EclipseLogger - Installing /Applications/MyEclipse2015/MyEclipse 2015 CI.app/Contents/Profile/plugins/com.genuitec.eclipse.icefaces_13.0.0.me201405280815/data/1.8.0/ICEfaces-Facelets/icefaces-facelets.jar to /Users/yp-tc-2646/.m2/repository/org/icefaces/icefaces-facelets/1.8.0/icefaces-facelets-1.8.0.jar
2016-11-17 17:16:29,361 [Worker-7] INFO  o.e.m.c.i.embedder.EclipseLogger - Installing /var/folders/kh/ncj434ls305d622j0mw24mb80000gn/T/mvninstall6439620155283678058.pom to /Users/yp-tc-2646/.m2/repository/org/icefaces/icefaces-facelets/1.8.0/icefaces-facelets-1.8.0.pom
2016-11-17 17:16:33,467 [Worker-7] INFO  o.e.m.c.i.e.AbstractTransferListenerAdapter - Downloaded http://repo.maven.apache.org/maven2/org/icefaces/icefaces-facelets/1.7.2/icefaces-facelets-1.7.2.jar
2016-11-17 17:16:33,473 [Worker-7] INFO  o.e.m.c.i.embedder.EclipseLogger - 
2016-11-17 17:16:33,473 [Worker-7] INFO  o.e.m.c.i.embedder.EclipseLogger - Using the builder org.apache.maven.lifecycle.internal.builder.singlethreaded.SingleThreadedBuilder with a thread count of 1
2016-11-17 17:16:33,476 [Worker-7] INFO  o.e.m.c.i.embedder.EclipseLogger - Installing /Applications/MyEclipse2015/MyEclipse 2015 CI.app/Contents/Profile/plugins/com.genuitec.eclipse.icefaces_13.0.0.me201405280815/data/1.7.2/ICEfaces-Facelets/icefaces-facelets.jar to /Users/yp-tc-2646/.m2/repository/org/icefaces/icefaces-facelets/1.7.2/icefaces-facelets-1.7.2.jar
2016-11-17 17:16:33,494 [Worker-7] INFO  o.e.m.c.i.embedder.EclipseLogger - Installing /var/folders/kh/ncj434ls305d622j0mw24mb80000gn/T/mvninstall9118067063152854673.pom to /Users/yp-tc-2646/.m2/repository/org/icefaces/icefaces-facelets/1.7.2/icefaces-facelets-1.7.2.pom
2016-11-17 17:16:36,246 [Worker-7] INFO  o.e.m.c.i.e.AbstractTransferListenerAdapter - Downloaded http://repo.maven.apache.org/maven2/org/icefaces/icefaces-facelets/1.7.1/icefaces-facelets-1.7.1.jar
2016-11-17 17:16:36,263 [Worker-7] INFO  o.e.m.c.i.embedder.EclipseLogger - 
2016-11-17 17:16:36,263 [Worker-7] INFO  o.e.m.c.i.embedder.EclipseLogger - Using the builder org.apache.maven.lifecycle.internal.builder.singlethreaded.SingleThreadedBuilder with a thread count of 1
2016-11-17 17:16:36,267 [Worker-7] INFO  o.e.m.c.i.embedder.EclipseLogger - Installing /Applications/MyEclipse2015/MyEclipse 2015 CI.app/Contents/Profile/plugins/com.genuitec.eclipse.icefaces_13.0.0.me201405280815/data/1.7.0/ICEfaces-Facelets/icefaces-facelets.jar to /Users/yp-tc-2646/.m2/repository/org/icefaces/icefaces-facelets/1.7.1/icefaces-facelets-1.7.1.jar
2016-11-17 17:16:36,284 [Worker-7] INFO  o.e.m.c.i.embedder.EclipseLogger - Installing /var/folders/kh/ncj434ls305d622j0mw24mb80000gn/T/mvninstall1141579964736053.pom to /Users/yp-tc-2646/.m2/repository/org/icefaces/icefaces-facelets/1.7.1/icefaces-facelets-1.7.1.pom
2016-11-17 17:16:36,814 [Worker-7] INFO  o.e.m.c.i.e.AbstractTransferListenerAdapter - Downloaded http://repo.maven.apache.org/maven2/org/icefaces/icefaces-facelets/1.7.0/icefaces-facelets-1.7.0.jar
2016-11-17 17:16:36,830 [Worker-7] INFO  o.e.m.c.i.embedder.EclipseLogger - 
2016-11-17 17:16:36,831 [Worker-7] INFO  o.e.m.c.i.embedder.EclipseLogger - Using the builder org.apache.maven.lifecycle.internal.builder.singlethreaded.SingleThreadedBuilder with a thread count of 1
2016-11-17 17:16:36,836 [Worker-7] INFO  o.e.m.c.i.embedder.EclipseLogger - Installing /Applications/MyEclipse2015/MyEclipse 2015 CI.app/Contents/Profile/plugins/com.genuitec.eclipse.icefaces_13.0.0.me201405280815/data/1.7.0/ICEfaces-Facelets/icefaces-facelets.jar to /Users/yp-tc-2646/.m2/repository/org/icefaces/icefaces-facelets/1.7.0/icefaces-facelets-1.7.0.jar
2016-11-17 17:16:36,853 [Worker-7] INFO  o.e.m.c.i.embedder.EclipseLogger - Installing /var/folders/kh/ncj434ls305d622j0mw24mb80000gn/T/mvninstall5060524037167854302.pom to /Users/yp-tc-2646/.m2/repository/org/icefaces/icefaces-facelets/1.7.0/icefaces-facelets-1.7.0.pom
2016-11-17 17:16:37,382 [Worker-7] INFO  o.e.m.c.i.e.AbstractTransferListenerAdapter - Downloaded http://repo.maven.apache.org/maven2/org/icefaces/icefaces-facelets/1.6.2/icefaces-facelets-1.6.2.jar
2016-11-17 17:16:37,398 [Worker-7] INFO  o.e.m.c.i.embedder.EclipseLogger - 
2016-11-17 17:16:37,398 [Worker-7] INFO  o.e.m.c.i.embedder.EclipseLogger - Using the builder org.apache.maven.lifecycle.internal.builder.singlethreaded.SingleThreadedBuilder with a thread count of 1
2016-11-17 17:16:37,402 [Worker-7] INFO  o.e.m.c.i.embedder.EclipseLogger - Installing /Applications/MyEclipse2015/MyEclipse 2015 CI.app/Contents/Profile/plugins/com.genuitec.eclipse.icefaces_13.0.0.me201405280815/data/1.6.2/ICEfaces-Facelets/icefaces-facelets.jar to /Users/yp-tc-2646/.m2/repository/org/icefaces/icefaces-facelets/1.6.2/icefaces-facelets-1.6.2.jar
2016-11-17 17:16:37,423 [Worker-7] INFO  o.e.m.c.i.embedder.EclipseLogger - Installing /var/folders/kh/ncj434ls305d622j0mw24mb80000gn/T/mvninstall6685076948434943710.pom to /Users/yp-tc-2646/.m2/repository/org/icefaces/icefaces-facelets/1.6.2/icefaces-facelets-1.6.2.pom
2016-11-17 17:16:38,964 [Worker-7] INFO  o.e.m.c.i.e.AbstractTransferListenerAdapter - Downloaded http://repo.maven.apache.org/maven2/org/icefaces/icefaces-facelets/1.6.1/icefaces-facelets-1.6.1.jar
2016-11-17 17:16:38,977 [Worker-7] INFO  o.e.m.c.i.embedder.EclipseLogger - 
2016-11-17 17:16:38,977 [Worker-7] INFO  o.e.m.c.i.embedder.EclipseLogger - Using the builder org.apache.maven.lifecycle.internal.builder.singlethreaded.SingleThreadedBuilder with a thread count of 1
2016-11-17 17:16:38,981 [Worker-7] INFO  o.e.m.c.i.embedder.EclipseLogger - Installing /Applications/MyEclipse2015/MyEclipse 2015 CI.app/Contents/Profile/plugins/com.genuitec.eclipse.icefaces_13.0.0.me201405280815/data/1.6.1/ICEfaces-Facelets/icefaces-facelets.jar to /Users/yp-tc-2646/.m2/repository/org/icefaces/icefaces-facelets/1.6.1/icefaces-facelets-1.6.1.jar
2016-11-17 17:16:39,003 [Worker-7] INFO  o.e.m.c.i.embedder.EclipseLogger - Installing /var/folders/kh/ncj434ls305d622j0mw24mb80000gn/T/mvninstall7679964258330735015.pom to /Users/yp-tc-2646/.m2/repository/org/icefaces/icefaces-facelets/1.6.1/icefaces-facelets-1.6.1.pom
2016-11-17 17:16:41,541 [Worker-7] INFO  o.e.m.c.i.e.AbstractTransferListenerAdapter - Downloaded http://repo.maven.apache.org/maven2/net/sourceforge/jexcelapi/jxl/2.6.8/jxl-2.6.8.jar
2016-11-17 17:16:41,557 [Worker-7] INFO  o.e.m.c.i.embedder.EclipseLogger - 
2016-11-17 17:16:41,557 [Worker-7] INFO  o.e.m.c.i.embedder.EclipseLogger - Using the builder org.apache.maven.lifecycle.internal.builder.singlethreaded.SingleThreadedBuilder with a thread count of 1
2016-11-17 17:16:41,562 [Worker-7] INFO  o.e.m.c.i.embedder.EclipseLogger - Installing /Applications/MyEclipse2015/MyEclipse 2015 CI.app/Contents/Profile/plugins/com.genuitec.eclipse.icefaces_13.0.0.me201405280815/data/net.sourceforge.jexcelapi/jxl/2.6.8/jxl.jar to /Users/yp-tc-2646/.m2/repository/net/sourceforge/jexcelapi/jxl/2.6.8/jxl-2.6.8.jar
2016-11-17 17:16:41,598 [Worker-7] INFO  o.e.m.c.i.embedder.EclipseLogger - Installing /var/folders/kh/ncj434ls305d622j0mw24mb80000gn/T/mvninstall3528679804137080777.pom to /Users/yp-tc-2646/.m2/repository/net/sourceforge/jexcelapi/jxl/2.6.8/jxl-2.6.8.pom
2016-11-17 17:16:42,100 [Worker-7] INFO  o.e.m.c.i.e.AbstractTransferListenerAdapter - Downloaded http://repo.maven.apache.org/maven2/org/icefaces/icefaces-mobi/1.3.0/icefaces-mobi-1.3.0.jar
2016-11-17 17:16:42,115 [Worker-7] INFO  o.e.m.c.i.embedder.EclipseLogger - 
2016-11-17 17:16:42,115 [Worker-7] INFO  o.e.m.c.i.embedder.EclipseLogger - Using the builder org.apache.maven.lifecycle.internal.builder.singlethreaded.SingleThreadedBuilder with a thread count of 1
2016-11-17 17:16:42,120 [Worker-7] INFO  o.e.m.c.i.embedder.EclipseLogger - Installing /Applications/MyEclipse2015/MyEclipse 2015 CI.app/Contents/Profile/plugins/com.genuitec.eclipse.icefaces_13.0.0.me201405280815/data/org.icefaces/icefaces-mobi/1.3/icefaces-mobi.jar to /Users/yp-tc-2646/.m2/repository/org/icefaces/icefaces-mobi/1.3.0/icefaces-mobi-1.3.0.jar
2016-11-17 17:16:42,151 [Worker-7] INFO  o.e.m.c.i.embedder.EclipseLogger - Installing /var/folders/kh/ncj434ls305d622j0mw24mb80000gn/T/mvninstall8285106798954061883.pom to /Users/yp-tc-2646/.m2/repository/org/icefaces/icefaces-mobi/1.3.0/icefaces-mobi-1.3.0.pom
2016-11-17 17:16:43,436 [Worker-7] INFO  o.e.m.c.i.e.AbstractTransferListenerAdapter - Downloaded http://repo.maven.apache.org/maven2/org/icepush/icepush/3.0.0/icepush-3.0.0.jar
2016-11-17 17:16:43,452 [Worker-7] INFO  o.e.m.c.i.embedder.EclipseLogger - 
2016-11-17 17:16:43,452 [Worker-7] INFO  o.e.m.c.i.embedder.EclipseLogger - Using the builder org.apache.maven.lifecycle.internal.builder.singlethreaded.SingleThreadedBuilder with a thread count of 1
2016-11-17 17:16:43,456 [Worker-7] INFO  o.e.m.c.i.embedder.EclipseLogger - Installing /Applications/MyEclipse2015/MyEclipse 2015 CI.app/Contents/Profile/plugins/com.genuitec.eclipse.icefaces_13.0.0.me201405280815/data/org.icepush/icepush/3.0/icepush.jar to /Users/yp-tc-2646/.m2/repository/org/icepush/icepush/3.0.0/icepush-3.0.0.jar
2016-11-17 17:16:43,471 [Worker-7] INFO  o.e.m.c.i.embedder.EclipseLogger - Installing /var/folders/kh/ncj434ls305d622j0mw24mb80000gn/T/mvninstall355385104540745139.pom to /Users/yp-tc-2646/.m2/repository/org/icepush/icepush/3.0.0/icepush-3.0.0.pom
2016-11-17 17:16:44,004 [Worker-7] INFO  o.e.m.c.i.e.AbstractTransferListenerAdapter - Downloaded http://repo.maven.apache.org/maven2/javax/activation/activation/1.0.2/activation-1.0.2.jar
2016-11-17 17:16:44,020 [Worker-7] INFO  o.e.m.c.i.embedder.EclipseLogger - 
2016-11-17 17:16:44,020 [Worker-7] INFO  o.e.m.c.i.embedder.EclipseLogger - Using the builder org.apache.maven.lifecycle.internal.builder.singlethreaded.SingleThreadedBuilder with a thread count of 1
2016-11-17 17:16:44,024 [Worker-7] INFO  o.e.m.c.i.embedder.EclipseLogger - Installing /Applications/MyEclipse2015/MyEclipse 2015 CI.app/Contents/Profile/plugins/com.genuitec.eclipse.j2eedt.core_13.0.0.me201406122219/data/libraryset/1.4/activation.jar to /Users/yp-tc-2646/.m2/repository/javax/activation/activation/1.0.2/activation-1.0.2.jar
2016-11-17 17:16:44,042 [Worker-7] INFO  o.e.m.c.i.embedder.EclipseLogger - Installing /var/folders/kh/ncj434ls305d622j0mw24mb80000gn/T/mvninstall1383482489029406585.pom to /Users/yp-tc-2646/.m2/repository/javax/activation/activation/1.0.2/activation-1.0.2.pom
2016-11-17 17:16:46,563 [Worker-7] INFO  o.e.m.c.i.e.AbstractTransferListenerAdapter - Downloaded http://repo.maven.apache.org/maven2/javax/mail/mail/1.3.1/mail-1.3.1.jar
2016-11-17 17:16:46,579 [Worker-7] INFO  o.e.m.c.i.embedder.EclipseLogger - 
2016-11-17 17:16:46,579 [Worker-7] INFO  o.e.m.c.i.embedder.EclipseLogger - Using the builder org.apache.maven.lifecycle.internal.builder.singlethreaded.SingleThreadedBuilder with a thread count of 1
2016-11-17 17:16:46,582 [Worker-7] INFO  o.e.m.c.i.embedder.EclipseLogger - Installing /Applications/MyEclipse2015/MyEclipse 2015 CI.app/Contents/Profile/plugins/com.genuitec.eclipse.j2eedt.core_13.0.0.me201406122219/data/libraryset/1.4/mail.jar to /Users/yp-tc-2646/.m2/repository/javax/mail/mail/1.3.1/mail-1.3.1.jar
2016-11-17 17:16:46,599 [Worker-7] INFO  o.e.m.c.i.embedder.EclipseLogger - Installing /var/folders/kh/ncj434ls305d622j0mw24mb80000gn/T/mvninstall2046332074046077692.pom to /Users/yp-tc-2646/.m2/repository/javax/mail/mail/1.3.1/mail-1.3.1.pom
2016-11-17 17:16:47,476 [Worker-7] INFO  o.e.m.c.i.e.AbstractTransferListenerAdapter - Downloaded http://repo.maven.apache.org/maven2/javax/xml/namespace/1.0.1/namespace-1.0.1.jar
2016-11-17 17:16:47,484 [Worker-7] INFO  o.e.m.c.i.embedder.EclipseLogger - 
2016-11-17 17:16:47,484 [Worker-7] INFO  o.e.m.c.i.embedder.EclipseLogger - Using the builder org.apache.maven.lifecycle.internal.builder.singlethreaded.SingleThreadedBuilder with a thread count of 1
2016-11-17 17:16:47,487 [Worker-7] INFO  o.e.m.c.i.embedder.EclipseLogger - Installing /Applications/MyEclipse2015/MyEclipse 2015 CI.app/Contents/Profile/plugins/com.genuitec.eclipse.j2eedt.core_13.0.0.me201406122219/data/libraryset/1.4/namespace.jar to /Users/yp-tc-2646/.m2/repository/javax/xml/namespace/1.0.1/namespace-1.0.1.jar
2016-11-17 17:16:47,498 [Worker-7] INFO  o.e.m.c.i.embedder.EclipseLogger - Installing /var/folders/kh/ncj434ls305d622j0mw24mb80000gn/T/mvninstall8204267584134117816.pom to /Users/yp-tc-2646/.m2/repository/javax/xml/namespace/1.0.1/namespace-1.0.1.pom
2016-11-17 17:16:48,752 [Worker-7] INFO  o.e.m.c.i.e.AbstractTransferListenerAdapter - Downloaded http://repo.maven.apache.org/maven2/javax/sql/jdbc-stdext/2.0/jdbc-stdext-2.0.jar
2016-11-17 17:16:48,767 [Worker-7] INFO  o.e.m.c.i.embedder.EclipseLogger - 
2016-11-17 17:16:48,768 [Worker-7] INFO  o.e.m.c.i.embedder.EclipseLogger - Using the builder org.apache.maven.lifecycle.internal.builder.singlethreaded.SingleThreadedBuilder with a thread count of 1
2016-11-17 17:16:48,772 [Worker-7] INFO  o.e.m.c.i.embedder.EclipseLogger - Installing /Applications/MyEclipse2015/MyEclipse 2015 CI.app/Contents/Profile/plugins/com.genuitec.eclipse.j2eedt.core_13.0.0.me201406122219/data/libraryset/JSTL1.0/lib/jdbc2_0-stdext.jar to /Users/yp-tc-2646/.m2/repository/javax/sql/jdbc-stdext/2.0/jdbc-stdext-2.0.jar
2016-11-17 17:16:48,786 [Worker-7] INFO  o.e.m.c.i.embedder.EclipseLogger - Installing /var/folders/kh/ncj434ls305d622j0mw24mb80000gn/T/mvninstall6482373334971402682.pom to /Users/yp-tc-2646/.m2/repository/javax/sql/jdbc-stdext/2.0/jdbc-stdext-2.0.pom
2016-11-17 17:16:49,314 [Worker-7] INFO  o.e.m.c.i.e.AbstractTransferListenerAdapter - Downloaded http://repo.maven.apache.org/maven2/javax/jts/jts/1.0/jts-1.0.jar
2016-11-17 17:16:49,329 [Worker-7] INFO  o.e.m.c.i.embedder.EclipseLogger - 
2016-11-17 17:16:49,329 [Worker-7] INFO  o.e.m.c.i.embedder.EclipseLogger - Using the builder org.apache.maven.lifecycle.internal.builder.singlethreaded.SingleThreadedBuilder with a thread count of 1
2016-11-17 17:16:49,333 [Worker-7] INFO  o.e.m.c.i.embedder.EclipseLogger - Installing /Applications/MyEclipse2015/MyEclipse 2015 CI.app/Contents/Profile/plugins/com.genuitec.eclipse.j2eedt.core_13.0.0.me201406122219/data/libraryset/1.3/jts.jar to /Users/yp-tc-2646/.m2/repository/javax/jts/jts/1.0/jts-1.0.jar
2016-11-17 17:16:49,359 [Worker-7] INFO  o.e.m.c.i.embedder.EclipseLogger - Installing /var/folders/kh/ncj434ls305d622j0mw24mb80000gn/T/mvninstall3094041085296102563.pom to /Users/yp-tc-2646/.m2/repository/javax/jts/jts/1.0/jts-1.0.pom
2016-11-17 17:16:50,870 [Worker-7] INFO  o.e.m.c.i.e.AbstractTransferListenerAdapter - Downloaded http://repo.maven.apache.org/maven2/el-api/el-api/1.0/el-api-1.0.jar
2016-11-17 17:16:50,885 [Worker-7] INFO  o.e.m.c.i.embedder.EclipseLogger - 
2016-11-17 17:16:50,886 [Worker-7] INFO  o.e.m.c.i.embedder.EclipseLogger - Using the builder org.apache.maven.lifecycle.internal.builder.singlethreaded.SingleThreadedBuilder with a thread count of 1
2016-11-17 17:16:50,890 [Worker-7] INFO  o.e.m.c.i.embedder.EclipseLogger - Installing /Applications/MyEclipse2015/MyEclipse 2015 CI.app/Contents/Profile/configuration/org.eclipse.osgi/34/0/.cp/data/facelets/lib/el-api.jar to /Users/yp-tc-2646/.m2/repository/el-api/el-api/1.0/el-api-1.0.jar
2016-11-17 17:16:50,906 [Worker-7] INFO  o.e.m.c.i.embedder.EclipseLogger - Installing /var/folders/kh/ncj434ls305d622j0mw24mb80000gn/T/mvninstall1625236406727658978.pom to /Users/yp-tc-2646/.m2/repository/el-api/el-api/1.0/el-api-1.0.pom
2016-11-17 17:16:51,404 [Worker-7] INFO  o.e.m.c.i.e.AbstractTransferListenerAdapter - Downloaded http://repo.maven.apache.org/maven2/el-ri/el-ri/1.0/el-ri-1.0.jar
2016-11-17 17:16:51,411 [Worker-7] INFO  o.e.m.c.i.embedder.EclipseLogger - 
2016-11-17 17:16:51,411 [Worker-7] INFO  o.e.m.c.i.embedder.EclipseLogger - Using the builder org.apache.maven.lifecycle.internal.builder.singlethreaded.SingleThreadedBuilder with a thread count of 1
2016-11-17 17:16:51,414 [Worker-7] INFO  o.e.m.c.i.embedder.EclipseLogger - Installing /Applications/MyEclipse2015/MyEclipse 2015 CI.app/Contents/Profile/configuration/org.eclipse.osgi/34/0/.cp/data/facelets/lib/el-ri.jar to /Users/yp-tc-2646/.m2/repository/el-ri/el-ri/1.0/el-ri-1.0.jar
2016-11-17 17:16:51,431 [Worker-7] INFO  o.e.m.c.i.embedder.EclipseLogger - Installing /var/folders/kh/ncj434ls305d622j0mw24mb80000gn/T/mvninstall4374187269843013332.pom to /Users/yp-tc-2646/.m2/repository/el-ri/el-ri/1.0/el-ri-1.0.pom
2016-11-17 17:16:51,948 [Worker-7] INFO  o.e.m.c.i.e.AbstractTransferListenerAdapter - Downloaded http://repo.maven.apache.org/maven2/javax/faces/jsf-api/2.0.3/jsf-api-2.0.3.jar
2016-11-17 17:16:51,962 [Worker-7] INFO  o.e.m.c.i.embedder.EclipseLogger - 
2016-11-17 17:16:51,962 [Worker-7] INFO  o.e.m.c.i.embedder.EclipseLogger - Using the builder org.apache.maven.lifecycle.internal.builder.singlethreaded.SingleThreadedBuilder with a thread count of 1
2016-11-17 17:16:51,965 [Worker-7] INFO  o.e.m.c.i.embedder.EclipseLogger - Installing /Applications/MyEclipse2015/MyEclipse 2015 CI.app/Contents/Profile/configuration/org.eclipse.osgi/34/0/.cp/data/2.0/Mojarra/jsf-api.jar to /Users/yp-tc-2646/.m2/repository/javax/faces/jsf-api/2.0.3/jsf-api-2.0.3.jar
2016-11-17 17:16:51,985 [Worker-7] INFO  o.e.m.c.i.embedder.EclipseLogger - Installing /var/folders/kh/ncj434ls305d622j0mw24mb80000gn/T/mvninstall9089246576459995378.pom to /Users/yp-tc-2646/.m2/repository/javax/faces/jsf-api/2.0.3/jsf-api-2.0.3.pom
2016-11-17 17:16:52,475 [Worker-7] INFO  o.e.m.c.i.e.AbstractTransferListenerAdapter - Downloaded http://repo.maven.apache.org/maven2/javax/faces/jsf-impl/2.0.3/jsf-impl-2.0.3.jar
2016-11-17 17:16:52,490 [Worker-7] INFO  o.e.m.c.i.embedder.EclipseLogger - 
2016-11-17 17:16:52,491 [Worker-7] INFO  o.e.m.c.i.embedder.EclipseLogger - Using the builder org.apache.maven.lifecycle.internal.builder.singlethreaded.SingleThreadedBuilder with a thread count of 1
2016-11-17 17:16:52,494 [Worker-7] INFO  o.e.m.c.i.embedder.EclipseLogger - Installing /Applications/MyEclipse2015/MyEclipse 2015 CI.app/Contents/Profile/configuration/org.eclipse.osgi/34/0/.cp/data/2.0/Mojarra/jsf-impl.jar to /Users/yp-tc-2646/.m2/repository/javax/faces/jsf-impl/2.0.3/jsf-impl-2.0.3.jar
2016-11-17 17:16:52,522 [Worker-7] INFO  o.e.m.c.i.embedder.EclipseLogger - Installing /var/folders/kh/ncj434ls305d622j0mw24mb80000gn/T/mvninstall3484066068049830231.pom to /Users/yp-tc-2646/.m2/repository/javax/faces/jsf-impl/2.0.3/jsf-impl-2.0.3.pom
2016-11-17 17:16:53,044 [Worker-7] INFO  o.e.m.c.i.e.AbstractTransferListenerAdapter - Downloaded http://repo.maven.apache.org/maven2/org/jboss/cache/jbosscache-core/3.1.0/jbosscache-core-3.1.0.jar
2016-11-17 17:16:53,058 [Worker-7] INFO  o.e.m.c.i.embedder.EclipseLogger - 
2016-11-17 17:16:53,059 [Worker-7] INFO  o.e.m.c.i.embedder.EclipseLogger - Using the builder org.apache.maven.lifecycle.internal.builder.singlethreaded.SingleThreadedBuilder with a thread count of 1
2016-11-17 17:16:53,062 [Worker-7] INFO  o.e.m.c.i.embedder.EclipseLogger - Installing /Applications/MyEclipse2015/MyEclipse 2015 CI.app/Contents/Profile/configuration/org.eclipse.osgi/36/0/.cp/myeclipse-data/3.3/lib/extra/jbosscache2/jbosscache-core-3.1.0.GA.jar to /Users/yp-tc-2646/.m2/repository/org/jboss/cache/jbosscache-core/3.1.0/jbosscache-core-3.1.0.jar
2016-11-17 17:16:53,091 [Worker-7] INFO  o.e.m.c.i.embedder.EclipseLogger - Installing /var/folders/kh/ncj434ls305d622j0mw24mb80000gn/T/mvninstall1438080286905770791.pom to /Users/yp-tc-2646/.m2/repository/org/jboss/cache/jbosscache-core/3.1.0/jbosscache-core-3.1.0.pom
2016-11-17 17:16:56,629 [Worker-7] INFO  o.e.m.c.i.e.AbstractTransferListenerAdapter - Downloaded http://repo.maven.apache.org/maven2/javax/resource/connector/1.0/connector-1.0.jar
2016-11-17 17:16:56,643 [Worker-7] INFO  o.e.m.c.i.embedder.EclipseLogger - 
2016-11-17 17:16:56,643 [Worker-7] INFO  o.e.m.c.i.embedder.EclipseLogger - Using the builder org.apache.maven.lifecycle.internal.builder.singlethreaded.SingleThreadedBuilder with a thread count of 1
2016-11-17 17:16:56,646 [Worker-7] INFO  o.e.m.c.i.embedder.EclipseLogger - Installing /Applications/MyEclipse2015/MyEclipse 2015 CI.app/Contents/Profile/configuration/org.eclipse.osgi/36/0/.cp/myeclipse-data/2.1/lib/extra/connector.jar to /Users/yp-tc-2646/.m2/repository/javax/resource/connector/1.0/connector-1.0.jar
2016-11-17 17:16:56,659 [Worker-7] INFO  o.e.m.c.i.embedder.EclipseLogger - Installing /var/folders/kh/ncj434ls305d622j0mw24mb80000gn/T/mvninstall5908251179181379155.pom to /Users/yp-tc-2646/.m2/repository/javax/resource/connector/1.0/connector-1.0.pom
2016-11-17 17:17:00,201 [Worker-7] INFO  o.e.m.c.i.e.AbstractTransferListenerAdapter - Downloaded http://repo.maven.apache.org/maven2/javax/security/jacc/1.0/jacc-1.0.jar
2016-11-17 17:17:00,216 [Worker-7] INFO  o.e.m.c.i.embedder.EclipseLogger - 
2016-11-17 17:17:00,216 [Worker-7] INFO  o.e.m.c.i.embedder.EclipseLogger - Using the builder org.apache.maven.lifecycle.internal.builder.singlethreaded.SingleThreadedBuilder with a thread count of 1
2016-11-17 17:17:00,220 [Worker-7] INFO  o.e.m.c.i.embedder.EclipseLogger - Installing /Applications/MyEclipse2015/MyEclipse 2015 CI.app/Contents/Profile/configuration/org.eclipse.osgi/36/0/.cp/myeclipse-data/3.0/lib/extra/jacc-1_0-fr.jar to /Users/yp-tc-2646/.m2/repository/javax/security/jacc/1.0/jacc-1.0.jar
2016-11-17 17:17:00,252 [Worker-7] INFO  o.e.m.c.i.embedder.EclipseLogger - Installing /var/folders/kh/ncj434ls305d622j0mw24mb80000gn/T/mvninstall3430307194776578740.pom to /Users/yp-tc-2646/.m2/repository/javax/security/jacc/1.0/jacc-1.0.pom
2016-11-17 17:17:01,748 [Worker-7] INFO  o.e.m.c.i.e.AbstractTransferListenerAdapter - Downloaded http://repo.maven.apache.org/maven2/javax/security/jaas/1.0.01/jaas-1.0.01.jar
2016-11-17 17:17:01,764 [Worker-7] INFO  o.e.m.c.i.embedder.EclipseLogger - 
2016-11-17 17:17:01,764 [Worker-7] INFO  o.e.m.c.i.embedder.EclipseLogger - Using the builder org.apache.maven.lifecycle.internal.builder.singlethreaded.SingleThreadedBuilder with a thread count of 1
2016-11-17 17:17:01,768 [Worker-7] INFO  o.e.m.c.i.embedder.EclipseLogger - Installing /Applications/MyEclipse2015/MyEclipse 2015 CI.app/Contents/Profile/configuration/org.eclipse.osgi/36/0/.cp/myeclipse-data/3.0/lib/core/jaas.jar to /Users/yp-tc-2646/.m2/repository/javax/security/jaas/1.0.01/jaas-1.0.01.jar
2016-11-17 17:17:01,778 [Worker-7] INFO  o.e.m.c.i.embedder.EclipseLogger - Installing /var/folders/kh/ncj434ls305d622j0mw24mb80000gn/T/mvninstall3386272697825353080.pom to /Users/yp-tc-2646/.m2/repository/javax/security/jaas/1.0.01/jaas-1.0.01.pom
2016-11-17 17:17:02,277 [Worker-7] INFO  o.e.m.c.i.e.AbstractTransferListenerAdapter - Downloaded http://repo.maven.apache.org/maven2/javax/transaction/jta/1.0.1B/jta-1.0.1B.jar
2016-11-17 17:17:02,283 [Worker-7] INFO  o.e.m.c.i.embedder.EclipseLogger - 
2016-11-17 17:17:02,284 [Worker-7] INFO  o.e.m.c.i.embedder.EclipseLogger - Using the builder org.apache.maven.lifecycle.internal.builder.singlethreaded.SingleThreadedBuilder with a thread count of 1
2016-11-17 17:17:02,288 [Worker-7] INFO  o.e.m.c.i.embedder.EclipseLogger - Installing /Applications/MyEclipse2015/MyEclipse 2015 CI.app/Contents/Profile/configuration/org.eclipse.osgi/36/0/.cp/myeclipse-data/2.1/lib/core/jta.jar to /Users/yp-tc-2646/.m2/repository/javax/transaction/jta/1.0.1B/jta-1.0.1B.jar
2016-11-17 17:17:02,297 [Worker-7] INFO  o.e.m.c.i.embedder.EclipseLogger - Installing /var/folders/kh/ncj434ls305d622j0mw24mb80000gn/T/mvninstall7008387132423855835.pom to /Users/yp-tc-2646/.m2/repository/javax/transaction/jta/1.0.1B/jta-1.0.1B.pom
2016-11-17 17:17:02,797 [Worker-7] INFO  o.e.m.c.i.e.AbstractTransferListenerAdapter - Downloaded http://repo.maven.apache.org/maven2/javassist/javassist/3.9.0/javassist-3.9.0.jar
2016-11-17 17:17:02,812 [Worker-7] INFO  o.e.m.c.i.embedder.EclipseLogger - 
2016-11-17 17:17:02,812 [Worker-7] INFO  o.e.m.c.i.embedder.EclipseLogger - Using the builder org.apache.maven.lifecycle.internal.builder.singlethreaded.SingleThreadedBuilder with a thread count of 1
2016-11-17 17:17:02,816 [Worker-7] INFO  o.e.m.c.i.embedder.EclipseLogger - Installing /Applications/MyEclipse2015/MyEclipse 2015 CI.app/Contents/Profile/configuration/org.eclipse.osgi/36/0/.cp/myeclipse-data/3.3/lib/core/bytecode/javassist/javassist-3.9.0.GA.jar to /Users/yp-tc-2646/.m2/repository/javassist/javassist/3.9.0/javassist-3.9.0.jar
2016-11-17 17:17:02,836 [Worker-7] INFO  o.e.m.c.i.embedder.EclipseLogger - Installing /var/folders/kh/ncj434ls305d622j0mw24mb80000gn/T/mvninstall5925615706397850950.pom to /Users/yp-tc-2646/.m2/repository/javassist/javassist/3.9.0/javassist-3.9.0.pom
2016-11-17 17:17:03,334 [Worker-7] INFO  o.e.m.c.i.e.AbstractTransferListenerAdapter - Downloaded http://repo.maven.apache.org/maven2/org/hibernate/hibernate/3.3.2/hibernate-3.3.2.jar
2016-11-17 17:17:03,349 [Worker-7] INFO  o.e.m.c.i.embedder.EclipseLogger - 
2016-11-17 17:17:03,350 [Worker-7] INFO  o.e.m.c.i.embedder.EclipseLogger - Using the builder org.apache.maven.lifecycle.internal.builder.singlethreaded.SingleThreadedBuilder with a thread count of 1
2016-11-17 17:17:03,353 [Worker-7] INFO  o.e.m.c.i.embedder.EclipseLogger - Installing /Applications/MyEclipse2015/MyEclipse 2015 CI.app/Contents/Profile/configuration/org.eclipse.osgi/36/0/.cp/myeclipse-data/3.3/lib/core/hibernate3.jar to /Users/yp-tc-2646/.m2/repository/org/hibernate/hibernate/3.3.2/hibernate-3.3.2.jar
2016-11-17 17:17:03,385 [Worker-7] INFO  o.e.m.c.i.embedder.EclipseLogger - Installing /var/folders/kh/ncj434ls305d622j0mw24mb80000gn/T/mvninstall5501244814251133531.pom to /Users/yp-tc-2646/.m2/repository/org/hibernate/hibernate/3.3.2/hibernate-3.3.2.pom
2016-11-17 17:19:49,477 [Worker-8] INFO  c.g.e.m.h.c.ui.Html5AppCoreUIPlugin - Pluging started
2016-11-17 17:27:44,651 [Worker-7] INFO  o.e.m.c.i.e.AbstractTransferListenerAdapter - Downloaded http://repo.maven.apache.org/maven2/org/eclipse/persistence/javax.persistence/2.0.1/javax.persistence-2.0.1.jar
2016-11-17 17:27:44,676 [Worker-7] INFO  o.e.m.c.i.embedder.EclipseLogger - 
2016-11-17 17:27:44,676 [Worker-7] INFO  o.e.m.c.i.embedder.EclipseLogger - Using the builder org.apache.maven.lifecycle.internal.builder.singlethreaded.SingleThreadedBuilder with a thread count of 1
2016-11-17 17:27:44,681 [Worker-7] INFO  o.e.m.c.i.embedder.EclipseLogger - Installing /Applications/MyEclipse2015/MyEclipse 2015 CI.app/Contents/Profile/configuration/org.eclipse.osgi/38/0/.cp/data/eclipselink/2.1/javax.persistence_2.0.1.v201006031150.jar to /Users/yp-tc-2646/.m2/repository/org/eclipse/persistence/javax.persistence/2.0.1/javax.persistence-2.0.1.jar
2016-11-17 17:27:44,697 [Worker-7] INFO  o.e.m.c.i.embedder.EclipseLogger - Installing /var/folders/kh/ncj434ls305d622j0mw24mb80000gn/T/mvninstall6708497783091405620.pom to /Users/yp-tc-2646/.m2/repository/org/eclipse/persistence/javax.persistence/2.0.1/javax.persistence-2.0.1.pom
2016-11-17 17:27:46,095 [Worker-7] INFO  o.e.m.c.i.e.AbstractTransferListenerAdapter - Downloaded http://repo.maven.apache.org/maven2/org/eclipse/persistence/eclipselink/2.1/eclipselink-2.1.jar
2016-11-17 17:27:46,110 [Worker-7] INFO  o.e.m.c.i.embedder.EclipseLogger - 
2016-11-17 17:27:46,111 [Worker-7] INFO  o.e.m.c.i.embedder.EclipseLogger - Using the builder org.apache.maven.lifecycle.internal.builder.singlethreaded.SingleThreadedBuilder with a thread count of 1
2016-11-17 17:27:46,115 [Worker-7] INFO  o.e.m.c.i.embedder.EclipseLogger - Installing /Applications/MyEclipse2015/MyEclipse 2015 CI.app/Contents/Profile/configuration/org.eclipse.osgi/38/0/.cp/data/eclipselink/2.1/eclipselink.jar to /Users/yp-tc-2646/.m2/repository/org/eclipse/persistence/eclipselink/2.1/eclipselink-2.1.jar
2016-11-17 17:27:46,164 [Worker-7] INFO  o.e.m.c.i.embedder.EclipseLogger - Installing /var/folders/kh/ncj434ls305d622j0mw24mb80000gn/T/mvninstall2878659051539755587.pom to /Users/yp-tc-2646/.m2/repository/org/eclipse/persistence/eclipselink/2.1/eclipselink-2.1.pom
2016-11-17 17:27:46,974 [Worker-7] INFO  o.e.m.c.i.e.AbstractTransferListenerAdapter - Downloaded http://repo.maven.apache.org/maven2/org/eclipse/persistence/eclipselink-jpa-modelgen/2.1/eclipselink-jpa-modelgen-2.1.jar
2016-11-17 17:27:46,989 [Worker-7] INFO  o.e.m.c.i.embedder.EclipseLogger - 
2016-11-17 17:27:46,990 [Worker-7] INFO  o.e.m.c.i.embedder.EclipseLogger - Using the builder org.apache.maven.lifecycle.internal.builder.singlethreaded.SingleThreadedBuilder with a thread count of 1
2016-11-17 17:27:46,994 [Worker-7] INFO  o.e.m.c.i.embedder.EclipseLogger - Installing /Applications/MyEclipse2015/MyEclipse 2015 CI.app/Contents/Profile/configuration/org.eclipse.osgi/38/0/.cp/data/eclipselink/2.1/eclipselink-jpa-modelgen_2.1.1.v20100817-r8050.jar to /Users/yp-tc-2646/.m2/repository/org/eclipse/persistence/eclipselink-jpa-modelgen/2.1/eclipselink-jpa-modelgen-2.1.jar
2016-11-17 17:27:47,007 [Worker-7] INFO  o.e.m.c.i.embedder.EclipseLogger - Installing /var/folders/kh/ncj434ls305d622j0mw24mb80000gn/T/mvninstall2380737811063352856.pom to /Users/yp-tc-2646/.m2/repository/org/eclipse/persistence/eclipselink-jpa-modelgen/2.1/eclipselink-jpa-modelgen-2.1.pom
2016-11-17 17:27:47,743 [Worker-7] INFO  o.e.m.c.i.e.AbstractTransferListenerAdapter - Downloaded http://repo.maven.apache.org/maven2/org/eclipse/persistence/eclipselink-jpa-modelgen/2.5.1/eclipselink-jpa-modelgen-2.5.1.jar
2016-11-17 17:27:47,761 [Worker-7] INFO  o.e.m.c.i.embedder.EclipseLogger - 
2016-11-17 17:27:47,761 [Worker-7] INFO  o.e.m.c.i.embedder.EclipseLogger - Using the builder org.apache.maven.lifecycle.internal.builder.singlethreaded.SingleThreadedBuilder with a thread count of 1
2016-11-17 17:27:47,765 [Worker-7] INFO  o.e.m.c.i.embedder.EclipseLogger - Installing /Applications/MyEclipse2015/MyEclipse 2015 CI.app/Contents/Profile/configuration/org.eclipse.osgi/38/0/.cp/data/eclipselink/2.5/org.eclipse.persistence.jpa.modelgen_2.5.1.v20130918-f2b9fc5.jar to /Users/yp-tc-2646/.m2/repository/org/eclipse/persistence/eclipselink-jpa-modelgen/2.5.1/eclipselink-jpa-modelgen-2.5.1.jar
2016-11-17 17:27:47,793 [Worker-7] INFO  o.e.m.c.i.embedder.EclipseLogger - Installing /var/folders/kh/ncj434ls305d622j0mw24mb80000gn/T/mvninstall5624858378543178008.pom to /Users/yp-tc-2646/.m2/repository/org/eclipse/persistence/eclipselink-jpa-modelgen/2.5.1/eclipselink-jpa-modelgen-2.5.1.pom
2016-11-17 17:27:48,398 [Worker-7] INFO  o.e.m.c.i.e.AbstractTransferListenerAdapter - Downloaded http://repo.maven.apache.org/maven2/jexcelapi/jxl/2.6.9/jxl-2.6.9.jar
2016-11-17 17:27:48,414 [Worker-7] INFO  o.e.m.c.i.embedder.EclipseLogger - 
2016-11-17 17:27:48,414 [Worker-7] INFO  o.e.m.c.i.embedder.EclipseLogger - Using the builder org.apache.maven.lifecycle.internal.builder.singlethreaded.SingleThreadedBuilder with a thread count of 1
2016-11-17 17:27:48,419 [Worker-7] INFO  o.e.m.c.i.embedder.EclipseLogger - Installing /Applications/MyEclipse2015/MyEclipse 2015 CI.app/Contents/Profile/configuration/org.eclipse.osgi/39/0/.cp/data/2.5/lib/jexcelapi/jxl.jar to /Users/yp-tc-2646/.m2/repository/jexcelapi/jxl/2.6.9/jxl-2.6.9.jar
2016-11-17 17:27:48,442 [Worker-7] INFO  o.e.m.c.i.embedder.EclipseLogger - Installing /var/folders/kh/ncj434ls305d622j0mw24mb80000gn/T/mvninstall6315206826978300698.pom to /Users/yp-tc-2646/.m2/repository/jexcelapi/jxl/2.6.9/jxl-2.6.9.pom
2016-11-17 17:27:51,382 [Worker-7] INFO  o.e.m.c.i.e.AbstractTransferListenerAdapter - Downloaded http://repo.maven.apache.org/maven2/com/jamonapi/jamon/2.7/jamon-2.7.jar
2016-11-17 17:27:51,398 [Worker-7] INFO  o.e.m.c.i.embedder.EclipseLogger - 
2016-11-17 17:27:51,398 [Worker-7] INFO  o.e.m.c.i.embedder.EclipseLogger - Using the builder org.apache.maven.lifecycle.internal.builder.singlethreaded.SingleThreadedBuilder with a thread count of 1
2016-11-17 17:27:51,403 [Worker-7] INFO  o.e.m.c.i.embedder.EclipseLogger - Installing /Applications/MyEclipse2015/MyEclipse 2015 CI.app/Contents/Profile/configuration/org.eclipse.osgi/39/0/.cp/data/2.5/lib/jamon/jamon-2.7.jar to /Users/yp-tc-2646/.m2/repository/com/jamonapi/jamon/2.7/jamon-2.7.jar
2016-11-17 17:27:51,423 [Worker-7] INFO  o.e.m.c.i.embedder.EclipseLogger - Installing /var/folders/kh/ncj434ls305d622j0mw24mb80000gn/T/mvninstall7902220076579533832.pom to /Users/yp-tc-2646/.m2/repository/com/jamonapi/jamon/2.7/jamon-2.7.pom
2016-11-17 17:27:52,691 [Worker-7] INFO  o.e.m.c.i.e.AbstractTransferListenerAdapter - Downloaded http://repo.maven.apache.org/maven2/org/ow2/easybeans/quartz/1.6.1/quartz-1.6.1.jar
2016-11-17 17:27:52,705 [Worker-7] INFO  o.e.m.c.i.embedder.EclipseLogger - 
2016-11-17 17:27:52,705 [Worker-7] INFO  o.e.m.c.i.embedder.EclipseLogger - Using the builder org.apache.maven.lifecycle.internal.builder.singlethreaded.SingleThreadedBuilder with a thread count of 1
2016-11-17 17:27:52,709 [Worker-7] INFO  o.e.m.c.i.embedder.EclipseLogger - Installing /Applications/MyEclipse2015/MyEclipse 2015 CI.app/Contents/Profile/configuration/org.eclipse.osgi/39/0/.cp/data/2.5/lib/quartz/quartz-all-1.6.1.jar to /Users/yp-tc-2646/.m2/repository/org/ow2/easybeans/quartz/1.6.1/quartz-1.6.1.jar
2016-11-17 17:27:52,723 [Worker-7] INFO  o.e.m.c.i.embedder.EclipseLogger - Installing /var/folders/kh/ncj434ls305d622j0mw24mb80000gn/T/mvninstall366207644117349605.pom to /Users/yp-tc-2646/.m2/repository/org/ow2/easybeans/quartz/1.6.1/quartz-1.6.1.pom
2016-11-17 17:27:53,999 [Worker-7] INFO  o.e.m.c.i.e.AbstractTransferListenerAdapter - Downloaded http://repo.maven.apache.org/maven2/org/springframework/javaconfig/spring-javaconfig/1.0.0.m4/spring-javaconfig-1.0.0.m4.jar
2016-11-17 17:27:54,015 [Worker-7] INFO  o.e.m.c.i.embedder.EclipseLogger - 
2016-11-17 17:27:54,016 [Worker-7] INFO  o.e.m.c.i.embedder.EclipseLogger - Using the builder org.apache.maven.lifecycle.internal.builder.singlethreaded.SingleThreadedBuilder with a thread count of 1
2016-11-17 17:27:54,019 [Worker-7] INFO  o.e.m.c.i.embedder.EclipseLogger - Installing /Applications/MyEclipse2015/MyEclipse 2015 CI.app/Contents/Profile/configuration/org.eclipse.osgi/39/0/.cp/data/javaconfig/org.springframework.config.java-1.0.0.M4.jar to /Users/yp-tc-2646/.m2/repository/org/springframework/javaconfig/spring-javaconfig/1.0.0.m4/spring-javaconfig-1.0.0.m4.jar
2016-11-17 17:27:54,033 [Worker-7] INFO  o.e.m.c.i.embedder.EclipseLogger - Installing /var/folders/kh/ncj434ls305d622j0mw24mb80000gn/T/mvninstall1467639307038474915.pom to /Users/yp-tc-2646/.m2/repository/org/springframework/javaconfig/spring-javaconfig/1.0.0.m4/spring-javaconfig-1.0.0.m4.pom
2016-11-17 17:27:57,038 [Worker-7] INFO  o.e.m.c.i.e.AbstractTransferListenerAdapter - Downloaded http://repo.maven.apache.org/maven2/com/sun/jmx/jmxri/1.2.1/jmxri-1.2.1.jar
2016-11-17 17:27:57,054 [Worker-7] INFO  o.e.m.c.i.embedder.EclipseLogger - 
2016-11-17 17:27:57,054 [Worker-7] INFO  o.e.m.c.i.embedder.EclipseLogger - Using the builder org.apache.maven.lifecycle.internal.builder.singlethreaded.SingleThreadedBuilder with a thread count of 1
2016-11-17 17:27:57,059 [Worker-7] INFO  o.e.m.c.i.embedder.EclipseLogger - Installing /Applications/MyEclipse2015/MyEclipse 2015 CI.app/Contents/Profile/configuration/org.eclipse.osgi/39/0/.cp/data/1.2/lib/dependencies/jmx/jmxri.jar to /Users/yp-tc-2646/.m2/repository/com/sun/jmx/jmxri/1.2.1/jmxri-1.2.1.jar
2016-11-17 17:27:57,081 [Worker-7] INFO  o.e.m.c.i.embedder.EclipseLogger - Installing /var/folders/kh/ncj434ls305d622j0mw24mb80000gn/T/mvninstall5920340739101232211.pom to /Users/yp-tc-2646/.m2/repository/com/sun/jmx/jmxri/1.2.1/jmxri-1.2.1.pom
2016-11-17 17:27:57,747 [Worker-7] INFO  o.e.m.c.i.e.AbstractTransferListenerAdapter - Downloaded http://repo.maven.apache.org/maven2/javax/management/jmxremote/1.0.1_04/jmxremote-1.0.1_04.jar
2016-11-17 17:27:57,762 [Worker-7] INFO  o.e.m.c.i.embedder.EclipseLogger - 
2016-11-17 17:27:57,763 [Worker-7] INFO  o.e.m.c.i.embedder.EclipseLogger - Using the builder org.apache.maven.lifecycle.internal.builder.singlethreaded.SingleThreadedBuilder with a thread count of 1
2016-11-17 17:27:57,766 [Worker-7] INFO  o.e.m.c.i.embedder.EclipseLogger - Installing /Applications/MyEclipse2015/MyEclipse 2015 CI.app/Contents/Profile/configuration/org.eclipse.osgi/39/0/.cp/data/1.2/lib/dependencies/jmx/jmxremote.jar to /Users/yp-tc-2646/.m2/repository/javax/management/jmxremote/1.0.1_04/jmxremote-1.0.1_04.jar
2016-11-17 17:27:57,782 [Worker-7] INFO  o.e.m.c.i.embedder.EclipseLogger - Installing /var/folders/kh/ncj434ls305d622j0mw24mb80000gn/T/mvninstall2681148776208399324.pom to /Users/yp-tc-2646/.m2/repository/javax/management/jmxremote/1.0.1_04/jmxremote-1.0.1_04.pom
2016-11-17 17:27:58,550 [Worker-7] INFO  o.e.m.c.i.e.AbstractTransferListenerAdapter - Downloaded http://repo.maven.apache.org/maven2/javax/management/jmxremote_optional/1.0.1_04/jmxremote_optional-1.0.1_04.jar
2016-11-17 17:27:58,565 [Worker-7] INFO  o.e.m.c.i.embedder.EclipseLogger - 
2016-11-17 17:27:58,565 [Worker-7] INFO  o.e.m.c.i.embedder.EclipseLogger - Using the builder org.apache.maven.lifecycle.internal.builder.singlethreaded.SingleThreadedBuilder with a thread count of 1
2016-11-17 17:27:58,569 [Worker-7] INFO  o.e.m.c.i.embedder.EclipseLogger - Installing /Applications/MyEclipse2015/MyEclipse 2015 CI.app/Contents/Profile/configuration/org.eclipse.osgi/39/0/.cp/data/1.2/lib/dependencies/jmx/jmxremote_optional.jar to /Users/yp-tc-2646/.m2/repository/javax/management/jmxremote_optional/1.0.1_04/jmxremote_optional-1.0.1_04.jar
2016-11-17 17:27:58,596 [Worker-7] INFO  o.e.m.c.i.embedder.EclipseLogger - Installing /var/folders/kh/ncj434ls305d622j0mw24mb80000gn/T/mvninstall7523807236398719608.pom to /Users/yp-tc-2646/.m2/repository/javax/management/jmxremote_optional/1.0.1_04/jmxremote_optional-1.0.1_04.pom
2016-11-17 17:28:00,859 [Worker-7] INFO  o.e.m.c.i.e.AbstractTransferListenerAdapter - Downloaded http://repo.maven.apache.org/maven2/javax/management/jmxri/1.2.1/jmxri-1.2.1.jar
2016-11-17 17:28:00,875 [Worker-7] INFO  o.e.m.c.i.embedder.EclipseLogger - 
2016-11-17 17:28:00,875 [Worker-7] INFO  o.e.m.c.i.embedder.EclipseLogger - Using the builder org.apache.maven.lifecycle.internal.builder.singlethreaded.SingleThreadedBuilder with a thread count of 1
2016-11-17 17:28:00,880 [Worker-7] INFO  o.e.m.c.i.embedder.EclipseLogger - Installing /Applications/MyEclipse2015/MyEclipse 2015 CI.app/Contents/Profile/configuration/org.eclipse.osgi/39/0/.cp/data/1.2/lib/dependencies/jmx/jmxri.jar to /Users/yp-tc-2646/.m2/repository/javax/management/jmxri/1.2.1/jmxri-1.2.1.jar
2016-11-17 17:28:00,895 [Worker-7] INFO  o.e.m.c.i.embedder.EclipseLogger - Installing /var/folders/kh/ncj434ls305d622j0mw24mb80000gn/T/mvninstall5626021377236326064.pom to /Users/yp-tc-2646/.m2/repository/javax/management/jmxri/1.2.1/jmxri-1.2.1.pom
2016-11-17 17:28:04,344 [Worker-7] INFO  o.e.m.c.i.e.AbstractTransferListenerAdapter - Downloaded http://repo.maven.apache.org/maven2/jdo/jdo/1.0.1/jdo-1.0.1.jar
2016-11-17 17:28:04,360 [Worker-7] INFO  o.e.m.c.i.embedder.EclipseLogger - 
2016-11-17 17:28:04,360 [Worker-7] INFO  o.e.m.c.i.embedder.EclipseLogger - Using the builder org.apache.maven.lifecycle.internal.builder.singlethreaded.SingleThreadedBuilder with a thread count of 1
2016-11-17 17:28:04,365 [Worker-7] INFO  o.e.m.c.i.embedder.EclipseLogger - Installing /Applications/MyEclipse2015/MyEclipse 2015 CI.app/Contents/Profile/configuration/org.eclipse.osgi/39/0/.cp/data/1.2/lib/dependencies/jdo/jdo2.jar to /Users/yp-tc-2646/.m2/repository/jdo/jdo/1.0.1/jdo-1.0.1.jar
2016-11-17 17:28:04,384 [Worker-7] INFO  o.e.m.c.i.embedder.EclipseLogger - Installing /var/folders/kh/ncj434ls305d622j0mw24mb80000gn/T/mvninstall854589321468464958.pom to /Users/yp-tc-2646/.m2/repository/jdo/jdo/1.0.1/jdo-1.0.1.pom
2016-11-17 17:28:07,243 [Worker-7] INFO  o.e.m.c.i.e.AbstractTransferListenerAdapter - Downloaded http://repo.maven.apache.org/maven2/com/bea/wlplatform/commonj-twm/1.1/commonj-twm-1.1.jar
2016-11-17 17:28:07,257 [Worker-7] INFO  o.e.m.c.i.embedder.EclipseLogger - 
2016-11-17 17:28:07,258 [Worker-7] INFO  o.e.m.c.i.embedder.EclipseLogger - Using the builder org.apache.maven.lifecycle.internal.builder.singlethreaded.SingleThreadedBuilder with a thread count of 1
2016-11-17 17:28:07,261 [Worker-7] INFO  o.e.m.c.i.embedder.EclipseLogger - Installing /Applications/MyEclipse2015/MyEclipse 2015 CI.app/Contents/Profile/configuration/org.eclipse.osgi/39/0/.cp/data/2.0/lib/commonj/commonj-twm.jar to /Users/yp-tc-2646/.m2/repository/com/bea/wlplatform/commonj-twm/1.1/commonj-twm-1.1.jar
2016-11-17 17:28:07,271 [Worker-7] INFO  o.e.m.c.i.embedder.EclipseLogger - Installing /var/folders/kh/ncj434ls305d622j0mw24mb80000gn/T/mvninstall6187401485055959382.pom to /Users/yp-tc-2646/.m2/repository/com/bea/wlplatform/commonj-twm/1.1/commonj-twm-1.1.pom
2016-11-17 17:28:08,148 [Worker-7] INFO  o.e.m.c.i.e.AbstractTransferListenerAdapter - Downloaded http://repo.maven.apache.org/maven2/com/oracle/toplink/toplink/10.1.3/toplink-10.1.3.jar
2016-11-17 17:28:08,163 [Worker-7] INFO  o.e.m.c.i.embedder.EclipseLogger - 
2016-11-17 17:28:08,163 [Worker-7] INFO  o.e.m.c.i.embedder.EclipseLogger - Using the builder org.apache.maven.lifecycle.internal.builder.singlethreaded.SingleThreadedBuilder with a thread count of 1
2016-11-17 17:28:08,166 [Worker-7] INFO  o.e.m.c.i.embedder.EclipseLogger - Installing /Applications/MyEclipse2015/MyEclipse 2015 CI.app/Contents/Profile/configuration/org.eclipse.osgi/39/0/.cp/data/2.0/lib/toplink/toplink-api.jar to /Users/yp-tc-2646/.m2/repository/com/oracle/toplink/toplink/10.1.3/toplink-10.1.3.jar
2016-11-17 17:28:08,179 [Worker-7] INFO  o.e.m.c.i.embedder.EclipseLogger - Installing /var/folders/kh/ncj434ls305d622j0mw24mb80000gn/T/mvninstall6840583698953640546.pom to /Users/yp-tc-2646/.m2/repository/com/oracle/toplink/toplink/10.1.3/toplink-10.1.3.pom
2016-11-17 17:28:08,852 [Worker-7] INFO  o.e.m.c.i.e.AbstractTransferListenerAdapter - Downloaded http://repo.maven.apache.org/maven2/org/codehaus/groovy/1.0/groovy-1.0.jar
2016-11-17 17:28:08,867 [Worker-7] INFO  o.e.m.c.i.embedder.EclipseLogger - 
2016-11-17 17:28:08,868 [Worker-7] INFO  o.e.m.c.i.embedder.EclipseLogger - Using the builder org.apache.maven.lifecycle.internal.builder.singlethreaded.SingleThreadedBuilder with a thread count of 1
2016-11-17 17:28:08,872 [Worker-7] INFO  o.e.m.c.i.embedder.EclipseLogger - Installing /Applications/MyEclipse2015/MyEclipse 2015 CI.app/Contents/Profile/configuration/org.eclipse.osgi/39/0/.cp/data/2.0/lib/groovy/groovy-1.0.jar to /Users/yp-tc-2646/.m2/repository/org/codehaus/groovy/1.0/groovy-1.0.jar
2016-11-17 17:28:08,897 [Worker-7] INFO  o.e.m.c.i.embedder.EclipseLogger - Installing /var/folders/kh/ncj434ls305d622j0mw24mb80000gn/T/mvninstall3150593728123223246.pom to /Users/yp-tc-2646/.m2/repository/org/codehaus/groovy/1.0/groovy-1.0.pom
2016-11-17 17:28:09,427 [Worker-7] INFO  o.e.m.c.i.e.AbstractTransferListenerAdapter - Downloaded http://repo.maven.apache.org/maven2/org/springframework/security/org.springframework.security.core/3.0.5.RELEASE/org.springframework.security.core-3.0.5.RELEASE.jar
2016-11-17 17:28:09,442 [Worker-7] INFO  o.e.m.c.i.embedder.EclipseLogger - 
2016-11-17 17:28:09,443 [Worker-7] INFO  o.e.m.c.i.embedder.EclipseLogger - Using the builder org.apache.maven.lifecycle.internal.builder.singlethreaded.SingleThreadedBuilder with a thread count of 1
2016-11-17 17:28:09,447 [Worker-7] INFO  o.e.m.c.i.embedder.EclipseLogger - Installing /Applications/MyEclipse2015/MyEclipse 2015 CI.app/Contents/Profile/configuration/org.eclipse.osgi/40/0/.cp/data/security-3.0/spring-security-core-3.0.5.RELEASE.jar to /Users/yp-tc-2646/.m2/repository/org/springframework/security/org.springframework.security.core/3.0.5.RELEASE/org.springframework.security.core-3.0.5.RELEASE.jar
2016-11-17 17:28:09,460 [Worker-7] INFO  o.e.m.c.i.embedder.EclipseLogger - Installing /var/folders/kh/ncj434ls305d622j0mw24mb80000gn/T/mvninstall8859054353303349241.pom to /Users/yp-tc-2646/.m2/repository/org/springframework/security/org.springframework.security.core/3.0.5.RELEASE/org.springframework.security.core-3.0.5.RELEASE.pom
2016-11-17 17:28:11,719 [Worker-7] INFO  o.e.m.c.i.e.AbstractTransferListenerAdapter - Downloaded http://repo.maven.apache.org/maven2/org/springframework/security/org.springframework.security.web/3.0.5.RELEASE/org.springframework.security.web-3.0.5.RELEASE.jar
2016-11-17 17:28:11,734 [Worker-7] INFO  o.e.m.c.i.embedder.EclipseLogger - 
2016-11-17 17:28:11,734 [Worker-7] INFO  o.e.m.c.i.embedder.EclipseLogger - Using the builder org.apache.maven.lifecycle.internal.builder.singlethreaded.SingleThreadedBuilder with a thread count of 1
2016-11-17 17:28:11,739 [Worker-7] INFO  o.e.m.c.i.embedder.EclipseLogger - Installing /Applications/MyEclipse2015/MyEclipse 2015 CI.app/Contents/Profile/configuration/org.eclipse.osgi/40/0/.cp/data/security-3.0/spring-security-web-3.0.5.RELEASE.jar to /Users/yp-tc-2646/.m2/repository/org/springframework/security/org.springframework.security.web/3.0.5.RELEASE/org.springframework.security.web-3.0.5.RELEASE.jar
2016-11-17 17:28:11,756 [Worker-7] INFO  o.e.m.c.i.embedder.EclipseLogger - Installing /var/folders/kh/ncj434ls305d622j0mw24mb80000gn/T/mvninstall7568469665080631329.pom to /Users/yp-tc-2646/.m2/repository/org/springframework/security/org.springframework.security.web/3.0.5.RELEASE/org.springframework.security.web-3.0.5.RELEASE.pom
2016-11-17 17:28:12,287 [Worker-7] INFO  o.e.m.c.i.e.AbstractTransferListenerAdapter - Downloaded http://repo.maven.apache.org/maven2/org/springframework/security/org.springframework.security.config/3.0.5.RELEASE/org.springframework.security.config-3.0.5.RELEASE.jar
2016-11-17 17:28:12,302 [Worker-7] INFO  o.e.m.c.i.embedder.EclipseLogger - 
2016-11-17 17:28:12,302 [Worker-7] INFO  o.e.m.c.i.embedder.EclipseLogger - Using the builder org.apache.maven.lifecycle.internal.builder.singlethreaded.SingleThreadedBuilder with a thread count of 1
2016-11-17 17:28:12,306 [Worker-7] INFO  o.e.m.c.i.embedder.EclipseLogger - Installing /Applications/MyEclipse2015/MyEclipse 2015 CI.app/Contents/Profile/configuration/org.eclipse.osgi/40/0/.cp/data/security-3.0/spring-security-config-3.0.5.RELEASE.jar to /Users/yp-tc-2646/.m2/repository/org/springframework/security/org.springframework.security.config/3.0.5.RELEASE/org.springframework.security.config-3.0.5.RELEASE.jar
2016-11-17 17:28:12,331 [Worker-7] INFO  o.e.m.c.i.embedder.EclipseLogger - Installing /var/folders/kh/ncj434ls305d622j0mw24mb80000gn/T/mvninstall6791826044308396032.pom to /Users/yp-tc-2646/.m2/repository/org/springframework/security/org.springframework.security.config/3.0.5.RELEASE/org.springframework.security.config-3.0.5.RELEASE.pom
2016-11-17 17:28:15,628 [Worker-7] INFO  o.e.m.c.i.e.AbstractTransferListenerAdapter - Downloaded http://repo.maven.apache.org/maven2/org/springframework/security/org.springframework.security.ldap/3.0.5.RELEASE/org.springframework.security.ldap-3.0.5.RELEASE.jar
2016-11-17 17:28:15,643 [Worker-7] INFO  o.e.m.c.i.embedder.EclipseLogger - 
2016-11-17 17:28:15,643 [Worker-7] INFO  o.e.m.c.i.embedder.EclipseLogger - Using the builder org.apache.maven.lifecycle.internal.builder.singlethreaded.SingleThreadedBuilder with a thread count of 1
2016-11-17 17:28:15,646 [Worker-7] INFO  o.e.m.c.i.embedder.EclipseLogger - Installing /Applications/MyEclipse2015/MyEclipse 2015 CI.app/Contents/Profile/configuration/org.eclipse.osgi/40/0/.cp/data/security-3.0/spring-security-ldap-3.0.5.RELEASE.jar to /Users/yp-tc-2646/.m2/repository/org/springframework/security/org.springframework.security.ldap/3.0.5.RELEASE/org.springframework.security.ldap-3.0.5.RELEASE.jar
2016-11-17 17:28:15,658 [Worker-7] INFO  o.e.m.c.i.embedder.EclipseLogger - Installing /var/folders/kh/ncj434ls305d622j0mw24mb80000gn/T/mvninstall6690374354047556579.pom to /Users/yp-tc-2646/.m2/repository/org/springframework/security/org.springframework.security.ldap/3.0.5.RELEASE/org.springframework.security.ldap-3.0.5.RELEASE.pom
2016-11-17 17:28:16,696 [Worker-7] INFO  o.e.m.c.i.e.AbstractTransferListenerAdapter - Downloaded http://repo.maven.apache.org/maven2/org/springframework/security/org.springframework.security.taglibs/3.0.5.RELEASE/org.springframework.security.taglibs-3.0.5.RELEASE.jar
2016-11-17 17:28:16,711 [Worker-7] INFO  o.e.m.c.i.embedder.EclipseLogger - 
2016-11-17 17:28:16,711 [Worker-7] INFO  o.e.m.c.i.embedder.EclipseLogger - Using the builder org.apache.maven.lifecycle.internal.builder.singlethreaded.SingleThreadedBuilder with a thread count of 1
2016-11-17 17:28:16,715 [Worker-7] INFO  o.e.m.c.i.embedder.EclipseLogger - Installing /Applications/MyEclipse2015/MyEclipse 2015 CI.app/Contents/Profile/configuration/org.eclipse.osgi/40/0/.cp/data/security-3.0/spring-security-taglibs-3.0.5.RELEASE.jar to /Users/yp-tc-2646/.m2/repository/org/springframework/security/org.springframework.security.taglibs/3.0.5.RELEASE/org.springframework.security.taglibs-3.0.5.RELEASE.jar
2016-11-17 17:28:16,724 [Worker-7] INFO  o.e.m.c.i.embedder.EclipseLogger - Installing /var/folders/kh/ncj434ls305d622j0mw24mb80000gn/T/mvninstall340664412466866067.pom to /Users/yp-tc-2646/.m2/repository/org/springframework/security/org.springframework.security.taglibs/3.0.5.RELEASE/org.springframework.security.taglibs-3.0.5.RELEASE.pom
2016-11-17 17:28:17,462 [Worker-7] INFO  o.e.m.c.i.e.AbstractTransferListenerAdapter - Downloaded http://repo.maven.apache.org/maven2/com/bea/commonj/com.springsource.commonj/1.1.0/com.springsource.commonj-1.1.0.jar
2016-11-17 17:28:17,469 [Worker-7] INFO  o.e.m.c.i.embedder.EclipseLogger - 
2016-11-17 17:28:17,470 [Worker-7] INFO  o.e.m.c.i.embedder.EclipseLogger - Using the builder org.apache.maven.lifecycle.internal.builder.singlethreaded.SingleThreadedBuilder with a thread count of 1
2016-11-17 17:28:17,475 [Worker-7] INFO  o.e.m.c.i.embedder.EclipseLogger - Installing /Applications/MyEclipse2015/MyEclipse 2015 CI.app/Contents/Profile/configuration/org.eclipse.osgi/40/0/.cp/data/3.0/lib/misc/com.springsource.commonj-1.1.0.jar to /Users/yp-tc-2646/.m2/repository/com/bea/commonj/com.springsource.commonj/1.1.0/com.springsource.commonj-1.1.0.jar
2016-11-17 17:28:17,486 [Worker-7] INFO  o.e.m.c.i.embedder.EclipseLogger - Installing /var/folders/kh/ncj434ls305d622j0mw24mb80000gn/T/mvninstall8990817061965859357.pom to /Users/yp-tc-2646/.m2/repository/com/bea/commonj/com.springsource.commonj/1.1.0/com.springsource.commonj-1.1.0.pom
2016-11-17 17:28:18,407 [Worker-7] INFO  o.e.m.c.i.e.AbstractTransferListenerAdapter - Downloaded http://repo.maven.apache.org/maven2/com/opensymphony/quartz/com.springsource.org.quartz/1.6.2/com.springsource.org.quartz-1.6.2.jar
2016-11-17 17:28:18,422 [Worker-7] INFO  o.e.m.c.i.embedder.EclipseLogger - 
2016-11-17 17:28:18,423 [Worker-7] INFO  o.e.m.c.i.embedder.EclipseLogger - Using the builder org.apache.maven.lifecycle.internal.builder.singlethreaded.SingleThreadedBuilder with a thread count of 1
2016-11-17 17:28:18,428 [Worker-7] INFO  o.e.m.c.i.embedder.EclipseLogger - Installing /Applications/MyEclipse2015/MyEclipse 2015 CI.app/Contents/Profile/configuration/org.eclipse.osgi/40/0/.cp/data/3.0/lib/misc/com.springsource.org.quartz-1.6.2.jar to /Users/yp-tc-2646/.m2/repository/com/opensymphony/quartz/com.springsource.org.quartz/1.6.2/com.springsource.org.quartz-1.6.2.jar
2016-11-17 17:28:18,447 [Worker-7] INFO  o.e.m.c.i.embedder.EclipseLogger - Installing /var/folders/kh/ncj434ls305d622j0mw24mb80000gn/T/mvninstall8800226736834049838.pom to /Users/yp-tc-2646/.m2/repository/com/opensymphony/quartz/com.springsource.org.quartz/1.6.2/com.springsource.org.quartz-1.6.2.pom
2016-11-17 17:28:19,529 [Worker-7] INFO  o.e.m.c.i.e.AbstractTransferListenerAdapter - Downloaded http://repo.maven.apache.org/maven2/javax/jdo/jdo2-api/2.1.0/jdo2-api-2.1.0.jar
2016-11-17 17:28:19,545 [Worker-7] INFO  o.e.m.c.i.embedder.EclipseLogger - 
2016-11-17 17:28:19,546 [Worker-7] INFO  o.e.m.c.i.embedder.EclipseLogger - Using the builder org.apache.maven.lifecycle.internal.builder.singlethreaded.SingleThreadedBuilder with a thread count of 1
2016-11-17 17:28:19,549 [Worker-7] INFO  o.e.m.c.i.embedder.EclipseLogger - Installing /Applications/MyEclipse2015/MyEclipse 2015 CI.app/Contents/Profile/configuration/org.eclipse.osgi/40/0/.cp/data/3.0/lib/persistJDO/com.springsource.javax.jdo-2.1.0.jar to /Users/yp-tc-2646/.m2/repository/javax/jdo/jdo2-api/2.1.0/jdo2-api-2.1.0.jar
2016-11-17 17:28:19,562 [Worker-7] INFO  o.e.m.c.i.embedder.EclipseLogger - Installing /var/folders/kh/ncj434ls305d622j0mw24mb80000gn/T/mvninstall1536037653876503131.pom to /Users/yp-tc-2646/.m2/repository/javax/jdo/jdo2-api/2.1.0/jdo2-api-2.1.0.pom
2016-11-17 17:28:20,141 [Worker-7] INFO  o.e.m.c.i.e.AbstractTransferListenerAdapter - Downloaded http://repo.maven.apache.org/maven2/com/caucho/com.springsource.com.caucho/3.2.1/com.springsource.com.caucho-3.2.1.jar
2016-11-17 17:28:20,156 [Worker-7] INFO  o.e.m.c.i.embedder.EclipseLogger - 
2016-11-17 17:28:20,157 [Worker-7] INFO  o.e.m.c.i.embedder.EclipseLogger - Using the builder org.apache.maven.lifecycle.internal.builder.singlethreaded.SingleThreadedBuilder with a thread count of 1
2016-11-17 17:28:20,160 [Worker-7] INFO  o.e.m.c.i.embedder.EclipseLogger - Installing /Applications/MyEclipse2015/MyEclipse 2015 CI.app/Contents/Profile/configuration/org.eclipse.osgi/40/0/.cp/data/3.0/lib/remoting/com.springsource.com.caucho-3.2.1.jar to /Users/yp-tc-2646/.m2/repository/com/caucho/com.springsource.com.caucho/3.2.1/com.springsource.com.caucho-3.2.1.jar
2016-11-17 17:28:20,181 [Worker-7] INFO  o.e.m.c.i.embedder.EclipseLogger - Installing /var/folders/kh/ncj434ls305d622j0mw24mb80000gn/T/mvninstall6934113274509593020.pom to /Users/yp-tc-2646/.m2/repository/com/caucho/com.springsource.com.caucho/3.2.1/com.springsource.com.caucho-3.2.1.pom
2016-11-17 17:28:21,066 [Worker-7] INFO  o.e.m.c.i.e.AbstractTransferListenerAdapter - Downloaded http://repo.maven.apache.org/maven2/org/codehaus/jackson/com.springsource.org.codehaus.jackson.mapper/1.0.0/com.springsource.org.codehaus.jackson.mapper-1.0.0.jar
2016-11-17 17:28:21,079 [Worker-7] INFO  o.e.m.c.i.embedder.EclipseLogger - 
2016-11-17 17:28:21,080 [Worker-7] INFO  o.e.m.c.i.embedder.EclipseLogger - Using the builder org.apache.maven.lifecycle.internal.builder.singlethreaded.SingleThreadedBuilder with a thread count of 1
2016-11-17 17:28:21,085 [Worker-7] INFO  o.e.m.c.i.embedder.EclipseLogger - Installing /Applications/MyEclipse2015/MyEclipse 2015 CI.app/Contents/Profile/configuration/org.eclipse.osgi/40/0/.cp/data/3.0/lib/web/com.springsource.org.codehaus.jackson.mapper-1.0.0.jar to /Users/yp-tc-2646/.m2/repository/org/codehaus/jackson/com.springsource.org.codehaus.jackson.mapper/1.0.0/com.springsource.org.codehaus.jackson.mapper-1.0.0.jar
2016-11-17 17:28:21,136 [Worker-7] INFO  o.e.m.c.i.embedder.EclipseLogger - Installing /var/folders/kh/ncj434ls305d622j0mw24mb80000gn/T/mvninstall427325563402600225.pom to /Users/yp-tc-2646/.m2/repository/org/codehaus/jackson/com.springsource.org.codehaus.jackson.mapper/1.0.0/com.springsource.org.codehaus.jackson.mapper-1.0.0.pom
2016-11-17 17:28:22,691 [Worker-7] INFO  o.e.m.c.i.e.AbstractTransferListenerAdapter - Downloaded http://repo.maven.apache.org/maven2/org/junit/com.springsource.org.junit/4.7.0/com.springsource.org.junit-4.7.0.jar
2016-11-17 17:28:26,206 [Worker-0] ERROR o.e.m.c.i.i.nexus.NexusIndexManager - Unable to update index for central|http://repo.maven.apache.org/maven2
org.eclipse.core.runtime.OperationCanceledException: null
	at org.eclipse.m2e.core.internal.index.nexus.AetherClientResourceFetcher.retrieve(AetherClientResourceFetcher.java:90) ~[org.eclipse.m2e.core_1.5.0.me201407071545.jar:na]
	at org.apache.maven.index.updater.AbstractResourceFetcher.retrieve(AbstractResourceFetcher.java:35) ~[indexer-core-3.1.0.jar:3.1.0]
	at org.apache.maven.index.updater.DefaultIndexUpdater$LocalCacheIndexAdaptor.setIndexFile(DefaultIndexUpdater.java:700) ~[indexer-core-3.1.0.jar:3.1.0]
	at org.apache.maven.index.updater.DefaultIndexUpdater.fetchAndUpdateIndex(DefaultIndexUpdater.java:829) ~[indexer-core-3.1.0.jar:3.1.0]
	at org.apache.maven.index.updater.DefaultIndexUpdater.fetchAndUpdateIndex(DefaultIndexUpdater.java:135) ~[indexer-core-3.1.0.jar:3.1.0]
	at org.eclipse.m2e.core.internal.index.nexus.NexusIndexManager.updateRemoteIndex(NexusIndexManager.java:1238) [org.eclipse.m2e.core_1.5.0.me201407071545.jar:na]
	at org.eclipse.m2e.core.internal.index.nexus.NexusIndexManager.updateIndex(NexusIndexManager.java:1193) [org.eclipse.m2e.core_1.5.0.me201407071545.jar:na]
	at org.eclipse.m2e.core.internal.index.nexus.NexusIndexManager$1.run(NexusIndexManager.java:703) [org.eclipse.m2e.core_1.5.0.me201407071545.jar:na]
	at org.eclipse.m2e.core.internal.index.nexus.IndexUpdaterJob.run(IndexUpdaterJob.java:72) [org.eclipse.m2e.core_1.5.0.me201407071545.jar:na]
	at org.eclipse.core.internal.jobs.Worker.run(Worker.java:54) [org.eclipse.core.jobs_3.6.0.v20140424-0053.jar:na]
2016-11-28 14:49:20,985 [Worker-1] INFO  c.g.e.m.h.c.ui.Html5AppCoreUIPlugin - Pluging started
2016-11-28 14:49:27,339 [Worker-3] INFO  o.e.m.c.i.i.nexus.NexusIndexManager - Updating index for repository: central|http://repo.maven.apache.org/maven2
2016-11-28 15:19:04,875 [Worker-3] ERROR o.e.m.c.i.i.nexus.NexusIndexManager - Unable to update index for central|http://repo.maven.apache.org/maven2: http://repo.maven.apache.org/maven2/.index/nexus-maven-repository-index.zip
java.io.FileNotFoundException: http://repo.maven.apache.org/maven2/.index/nexus-maven-repository-index.zip
	at com.squareup.okhttp.internal.http.HttpURLConnectionImpl.getInputStream(HttpURLConnectionImpl.java:203) ~[okhttp-1.5.4.jar:na]
	at io.tesla.aether.okhttp.OkHttpAetherClient$ResponseAdapter.getInputStream(OkHttpAetherClient.java:265) ~[aether-connector-okhttp-0.12.0.jar:0.12.0]
	at org.eclipse.m2e.core.internal.index.nexus.AetherClientResourceFetcher.retrieve(AetherClientResourceFetcher.java:83) ~[org.eclipse.m2e.core_1.5.0.me201407071545.jar:na]
	at org.apache.maven.index.updater.AbstractResourceFetcher.retrieve(AbstractResourceFetcher.java:35) ~[indexer-core-3.1.0.jar:3.1.0]
	at org.apache.maven.index.updater.DefaultIndexUpdater$LocalCacheIndexAdaptor.setIndexFile(DefaultIndexUpdater.java:700) ~[indexer-core-3.1.0.jar:3.1.0]
	at org.apache.maven.index.updater.DefaultIndexUpdater.fetchAndUpdateIndex(DefaultIndexUpdater.java:844) ~[indexer-core-3.1.0.jar:3.1.0]
	at org.apache.maven.index.updater.DefaultIndexUpdater.fetchAndUpdateIndex(DefaultIndexUpdater.java:135) ~[indexer-core-3.1.0.jar:3.1.0]
	at org.eclipse.m2e.core.internal.index.nexus.NexusIndexManager.updateRemoteIndex(NexusIndexManager.java:1238) [org.eclipse.m2e.core_1.5.0.me201407071545.jar:na]
	at org.eclipse.m2e.core.internal.index.nexus.NexusIndexManager.updateIndex(NexusIndexManager.java:1193) [org.eclipse.m2e.core_1.5.0.me201407071545.jar:na]
	at org.eclipse.m2e.core.internal.index.nexus.NexusIndexManager$1.run(NexusIndexManager.java:703) [org.eclipse.m2e.core_1.5.0.me201407071545.jar:na]
	at org.eclipse.m2e.core.internal.index.nexus.IndexUpdaterJob.run(IndexUpdaterJob.java:72) [org.eclipse.m2e.core_1.5.0.me201407071545.jar:na]
	at org.eclipse.core.internal.jobs.Worker.run(Worker.java:54) [org.eclipse.core.jobs_3.6.0.v20140424-0053.jar:na]
2016-11-28 16:10:35,117 [Worker-2] INFO  c.g.e.m.h.c.ui.Html5AppCoreUIPlugin - Pluging started
2016-11-28 16:10:41,210 [Worker-5] INFO  o.e.m.c.i.i.nexus.NexusIndexManager - Updating index for repository: central|http://repo.maven.apache.org/maven2
